2023-02-24 16:57:26.068 [info] Extension host with pid 8570 started
2023-02-24 16:57:26.113 [info] ExtensionService#_doActivateExtension vscode.emmet, startup: false, activationEvent: 'onLanguage'
2023-02-24 16:57:26.113 [info] ExtensionService#_doActivateExtension vscode.git-base, startup: true, activationEvent: '*', root cause: vscode.git
2023-02-24 16:57:26.136 [info] ExtensionService#_doActivateExtension vscode.git, startup: true, activationEvent: '*'
2023-02-24 16:57:26.136 [info] ExtensionService#_doActivateExtension vscode.github, startup: true, activationEvent: '*'
2023-02-24 16:57:26.169 [info] Eager extensions activated
2023-02-24 16:57:26.178 [info] ExtensionService#_doActivateExtension vscode.debug-auto-launch, startup: false, activationEvent: 'onStartupFinished'
2023-02-24 16:57:26.178 [info] ExtensionService#_doActivateExtension vscode.merge-conflict, startup: false, activationEvent: 'onStartupFinished'
2023-02-24 16:58:56.813 [info] Extension host terminating: received terminate message from renderer
2023-02-24 16:58:56.819 [info] Extension host with pid 8570 exiting with code 0
2023-02-24 16:58:57.742 [info] Extension host with pid 8677 started
2023-02-24 16:58:57.742 [info] Skipping acquiring lock for /home/miguel/.config/Code - OSS/User/workspaceStorage/e2af479410e27c03bec533e0c18fa199.
2023-02-24 16:58:57.795 [info] ExtensionService#_doActivateExtension vscode.emmet, startup: false, activationEvent: 'onLanguage'
2023-02-24 16:58:57.795 [info] ExtensionService#_doActivateExtension vscode.git-base, startup: true, activationEvent: '*', root cause: vscode.git
2023-02-24 16:58:57.814 [info] ExtensionService#_doActivateExtension vscode.git, startup: true, activationEvent: '*'
2023-02-24 16:58:57.814 [info] ExtensionService#_doActivateExtension vscode.github, startup: true, activationEvent: '*'
2023-02-24 16:58:57.885 [info] Eager extensions activated
2023-02-24 16:58:57.902 [info] ExtensionService#_doActivateExtension vscode.debug-auto-launch, startup: false, activationEvent: 'onStartupFinished'
2023-02-24 16:58:57.903 [info] ExtensionService#_doActivateExtension vscode.merge-conflict, startup: false, activationEvent: 'onStartupFinished'
2023-02-24 17:40:46.890 [info] Extension host terminating: received terminate message from renderer
2023-02-24 17:40:46.895 [info] Extension host with pid 8677 exiting with code 0
