2023-02-23T16:45:39.519Z [Modules] Modules initializing
2023-02-23T16:45:39.519Z [Modules] Distribution: remote
2023-02-23T16:45:39.519Z [Modules] Host updates: enabled
2023-02-23T16:45:39.519Z [Modules] Module updates: enabled
2023-02-23T16:45:39.519Z [Modules] Module install path: /home/miguel/.config/discord/0.0.25/modules
2023-02-23T16:45:39.519Z [Modules] Module installed file path: /home/miguel/.config/discord/0.0.25/modules/installed.json
2023-02-23T16:45:39.519Z [Modules] Module download path: /home/miguel/.config/discord/0.0.25/modules/pending
2023-02-23T16:45:39.628Z [Modules] Bootstrapping...
2023-02-23T16:45:39.629Z [Modules] Installing discord_desktop_core@0 from /opt/discord/resources/bootstrap/discord_desktop_core.zip
2023-02-23T16:45:39.629Z [Modules] Failed installing discord_desktop_core@0: Error: ENOENT: no such file or directory, open '/opt/discord/resources/bootstrap/discord_desktop_core.zip'
2023-02-23T16:45:39.629Z [Modules] Installing discord_erlpack@0 from /opt/discord/resources/bootstrap/discord_erlpack.zip
2023-02-23T16:45:39.629Z [Modules] Failed installing discord_erlpack@0: Error: ENOENT: no such file or directory, open '/opt/discord/resources/bootstrap/discord_erlpack.zip'
2023-02-23T16:45:39.630Z [Modules] Installing discord_spellcheck@0 from /opt/discord/resources/bootstrap/discord_spellcheck.zip
2023-02-23T16:45:39.630Z [Modules] Failed installing discord_spellcheck@0: Error: ENOENT: no such file or directory, open '/opt/discord/resources/bootstrap/discord_spellcheck.zip'
2023-02-23T16:45:39.630Z [Modules] Installing discord_utils@0 from /opt/discord/resources/bootstrap/discord_utils.zip
2023-02-23T16:45:39.630Z [Modules] Failed installing discord_utils@0: Error: ENOENT: no such file or directory, open '/opt/discord/resources/bootstrap/discord_utils.zip'
2023-02-23T16:45:39.630Z [Modules] Installing discord_voice@0 from /opt/discord/resources/bootstrap/discord_voice.zip
2023-02-23T16:45:39.631Z [Modules] Failed installing discord_voice@0: Error: ENOENT: no such file or directory, open '/opt/discord/resources/bootstrap/discord_voice.zip'
2023-02-23T16:45:39.631Z [Modules] Finished module installations. [success: 0] [failure: 5]
2023-02-23T16:45:39.631Z [Modules] Checking for host updates.
2023-02-23T16:45:39.864Z [Modules] Host is up to date.
2023-02-23T16:45:39.864Z [Modules] Checking for module updates at https://discord.com/api/modules/stable/versions.json
2023-02-23T16:45:39.910Z [Modules] Module update available: discord_desktop_core@1 [installed: 0]
2023-02-23T16:45:39.910Z [Modules] Module update available: discord_erlpack@1 [installed: 0]
2023-02-23T16:45:39.910Z [Modules] Module update available: discord_spellcheck@1 [installed: 0]
2023-02-23T16:45:39.910Z [Modules] Module update available: discord_utils@1 [installed: 0]
2023-02-23T16:45:39.910Z [Modules] Module update available: discord_voice@1 [installed: 0]
2023-02-23T16:45:39.910Z [Modules] Fetching discord_desktop_core@1 from https://discord.com/api/modules/stable/discord_desktop_core/1
2023-02-23T16:45:39.910Z [Modules] Streaming discord_desktop_core@1 to /home/miguel/.config/discord/0.0.25/modules/pending/discord_desktop_core-1.zip
2023-02-23T16:45:40.195Z [Modules] Streaming discord_desktop_core@1 to /home/miguel/.config/discord/0.0.25/modules/pending/discord_desktop_core-1.zip: 2%
2023-02-23T16:45:40.213Z [Modules] Streaming discord_desktop_core@1 to /home/miguel/.config/discord/0.0.25/modules/pending/discord_desktop_core-1.zip: 5%
2023-02-23T16:45:40.222Z [Modules] Streaming discord_desktop_core@1 to /home/miguel/.config/discord/0.0.25/modules/pending/discord_desktop_core-1.zip: 6%
2023-02-23T16:45:40.229Z [Modules] Streaming discord_desktop_core@1 to /home/miguel/.config/discord/0.0.25/modules/pending/discord_desktop_core-1.zip: 10%
2023-02-23T16:45:40.229Z [Modules] Streaming discord_desktop_core@1 to /home/miguel/.config/discord/0.0.25/modules/pending/discord_desktop_core-1.zip: 11%
2023-02-23T16:45:40.236Z [Modules] Streaming discord_desktop_core@1 to /home/miguel/.config/discord/0.0.25/modules/pending/discord_desktop_core-1.zip: 13%
2023-02-23T16:45:40.267Z [Modules] Streaming discord_desktop_core@1 to /home/miguel/.config/discord/0.0.25/modules/pending/discord_desktop_core-1.zip: 16%
2023-02-23T16:45:40.268Z [Modules] Streaming discord_desktop_core@1 to /home/miguel/.config/discord/0.0.25/modules/pending/discord_desktop_core-1.zip: 22%
2023-02-23T16:45:40.270Z [Modules] Streaming discord_desktop_core@1 to /home/miguel/.config/discord/0.0.25/modules/pending/discord_desktop_core-1.zip: 25%
2023-02-23T16:45:40.270Z [Modules] Streaming discord_desktop_core@1 to /home/miguel/.config/discord/0.0.25/modules/pending/discord_desktop_core-1.zip: 26%
2023-02-23T16:45:40.283Z [Modules] Streaming discord_desktop_core@1 to /home/miguel/.config/discord/0.0.25/modules/pending/discord_desktop_core-1.zip: 28%
2023-02-23T16:45:40.283Z [Modules] Streaming discord_desktop_core@1 to /home/miguel/.config/discord/0.0.25/modules/pending/discord_desktop_core-1.zip: 29%
2023-02-23T16:45:40.288Z [Modules] Streaming discord_desktop_core@1 to /home/miguel/.config/discord/0.0.25/modules/pending/discord_desktop_core-1.zip: 32%
2023-02-23T16:45:40.289Z [Modules] Streaming discord_desktop_core@1 to /home/miguel/.config/discord/0.0.25/modules/pending/discord_desktop_core-1.zip: 33%
2023-02-23T16:45:40.294Z [Modules] Streaming discord_desktop_core@1 to /home/miguel/.config/discord/0.0.25/modules/pending/discord_desktop_core-1.zip: 37%
2023-02-23T16:45:40.294Z [Modules] Streaming discord_desktop_core@1 to /home/miguel/.config/discord/0.0.25/modules/pending/discord_desktop_core-1.zip: 39%
2023-02-23T16:45:40.298Z [Modules] Streaming discord_desktop_core@1 to /home/miguel/.config/discord/0.0.25/modules/pending/discord_desktop_core-1.zip: 43%
2023-02-23T16:45:40.303Z [Modules] Streaming discord_desktop_core@1 to /home/miguel/.config/discord/0.0.25/modules/pending/discord_desktop_core-1.zip: 47%
2023-02-23T16:45:40.304Z [Modules] Streaming discord_desktop_core@1 to /home/miguel/.config/discord/0.0.25/modules/pending/discord_desktop_core-1.zip: 48%
2023-02-23T16:45:40.308Z [Modules] Streaming discord_desktop_core@1 to /home/miguel/.config/discord/0.0.25/modules/pending/discord_desktop_core-1.zip: 51%
2023-02-23T16:45:40.311Z [Modules] Streaming discord_desktop_core@1 to /home/miguel/.config/discord/0.0.25/modules/pending/discord_desktop_core-1.zip: 54%
2023-02-23T16:45:40.312Z [Modules] Streaming discord_desktop_core@1 to /home/miguel/.config/discord/0.0.25/modules/pending/discord_desktop_core-1.zip: 55%
2023-02-23T16:45:40.314Z [Modules] Streaming discord_desktop_core@1 to /home/miguel/.config/discord/0.0.25/modules/pending/discord_desktop_core-1.zip: 56%
2023-02-23T16:45:40.314Z [Modules] Streaming discord_desktop_core@1 to /home/miguel/.config/discord/0.0.25/modules/pending/discord_desktop_core-1.zip: 59%
2023-02-23T16:45:40.316Z [Modules] Streaming discord_desktop_core@1 to /home/miguel/.config/discord/0.0.25/modules/pending/discord_desktop_core-1.zip: 61%
2023-02-23T16:45:40.318Z [Modules] Streaming discord_desktop_core@1 to /home/miguel/.config/discord/0.0.25/modules/pending/discord_desktop_core-1.zip: 65%
2023-02-23T16:45:40.319Z [Modules] Streaming discord_desktop_core@1 to /home/miguel/.config/discord/0.0.25/modules/pending/discord_desktop_core-1.zip: 67%
2023-02-23T16:45:40.321Z [Modules] Streaming discord_desktop_core@1 to /home/miguel/.config/discord/0.0.25/modules/pending/discord_desktop_core-1.zip: 70%
2023-02-23T16:45:40.323Z [Modules] Streaming discord_desktop_core@1 to /home/miguel/.config/discord/0.0.25/modules/pending/discord_desktop_core-1.zip: 73%
2023-02-23T16:45:40.323Z [Modules] Streaming discord_desktop_core@1 to /home/miguel/.config/discord/0.0.25/modules/pending/discord_desktop_core-1.zip: 75%
2023-02-23T16:45:40.326Z [Modules] Streaming discord_desktop_core@1 to /home/miguel/.config/discord/0.0.25/modules/pending/discord_desktop_core-1.zip: 79%
2023-02-23T16:45:40.326Z [Modules] Streaming discord_desktop_core@1 to /home/miguel/.config/discord/0.0.25/modules/pending/discord_desktop_core-1.zip: 80%
2023-02-23T16:45:40.329Z [Modules] Streaming discord_desktop_core@1 to /home/miguel/.config/discord/0.0.25/modules/pending/discord_desktop_core-1.zip: 84%
2023-02-23T16:45:40.329Z [Modules] Streaming discord_desktop_core@1 to /home/miguel/.config/discord/0.0.25/modules/pending/discord_desktop_core-1.zip: 86%
2023-02-23T16:45:40.331Z [Modules] Streaming discord_desktop_core@1 to /home/miguel/.config/discord/0.0.25/modules/pending/discord_desktop_core-1.zip: 89%
2023-02-23T16:45:40.331Z [Modules] Streaming discord_desktop_core@1 to /home/miguel/.config/discord/0.0.25/modules/pending/discord_desktop_core-1.zip: 92%
2023-02-23T16:45:40.332Z [Modules] Streaming discord_desktop_core@1 to /home/miguel/.config/discord/0.0.25/modules/pending/discord_desktop_core-1.zip: 95%
2023-02-23T16:45:40.333Z [Modules] Streaming discord_desktop_core@1 to /home/miguel/.config/discord/0.0.25/modules/pending/discord_desktop_core-1.zip: 100%
2023-02-23T16:45:40.333Z [Modules] Fetching discord_erlpack@1 from https://discord.com/api/modules/stable/discord_erlpack/1
2023-02-23T16:45:40.334Z [Modules] Streaming discord_erlpack@1 to /home/miguel/.config/discord/0.0.25/modules/pending/discord_erlpack-1.zip
2023-02-23T16:45:40.543Z [Modules] Streaming discord_erlpack@1 to /home/miguel/.config/discord/0.0.25/modules/pending/discord_erlpack-1.zip: 3%
2023-02-23T16:45:40.543Z [Modules] Streaming discord_erlpack@1 to /home/miguel/.config/discord/0.0.25/modules/pending/discord_erlpack-1.zip: 9%
2023-02-23T16:45:40.545Z [Modules] Streaming discord_erlpack@1 to /home/miguel/.config/discord/0.0.25/modules/pending/discord_erlpack-1.zip: 13%
2023-02-23T16:45:40.546Z [Modules] Streaming discord_erlpack@1 to /home/miguel/.config/discord/0.0.25/modules/pending/discord_erlpack-1.zip: 21%
2023-02-23T16:45:40.546Z [Modules] Streaming discord_erlpack@1 to /home/miguel/.config/discord/0.0.25/modules/pending/discord_erlpack-1.zip: 22%
2023-02-23T16:45:40.548Z [Modules] Streaming discord_erlpack@1 to /home/miguel/.config/discord/0.0.25/modules/pending/discord_erlpack-1.zip: 26%
2023-02-23T16:45:40.549Z [Modules] Streaming discord_erlpack@1 to /home/miguel/.config/discord/0.0.25/modules/pending/discord_erlpack-1.zip: 31%
2023-02-23T16:45:40.549Z [Modules] Streaming discord_erlpack@1 to /home/miguel/.config/discord/0.0.25/modules/pending/discord_erlpack-1.zip: 34%
2023-02-23T16:45:40.551Z [Modules] Streaming discord_erlpack@1 to /home/miguel/.config/discord/0.0.25/modules/pending/discord_erlpack-1.zip: 38%
2023-02-23T16:45:40.552Z [Modules] Streaming discord_erlpack@1 to /home/miguel/.config/discord/0.0.25/modules/pending/discord_erlpack-1.zip: 46%
2023-02-23T16:45:40.552Z [Modules] Streaming discord_erlpack@1 to /home/miguel/.config/discord/0.0.25/modules/pending/discord_erlpack-1.zip: 48%
2023-02-23T16:45:40.554Z [Modules] Streaming discord_erlpack@1 to /home/miguel/.config/discord/0.0.25/modules/pending/discord_erlpack-1.zip: 52%
2023-02-23T16:45:40.555Z [Modules] Streaming discord_erlpack@1 to /home/miguel/.config/discord/0.0.25/modules/pending/discord_erlpack-1.zip: 60%
2023-02-23T16:45:40.555Z [Modules] Streaming discord_erlpack@1 to /home/miguel/.config/discord/0.0.25/modules/pending/discord_erlpack-1.zip: 61%
2023-02-23T16:45:40.557Z [Modules] Streaming discord_erlpack@1 to /home/miguel/.config/discord/0.0.25/modules/pending/discord_erlpack-1.zip: 62%
2023-02-23T16:45:40.557Z [Modules] Streaming discord_erlpack@1 to /home/miguel/.config/discord/0.0.25/modules/pending/discord_erlpack-1.zip: 69%
2023-02-23T16:45:40.557Z [Modules] Streaming discord_erlpack@1 to /home/miguel/.config/discord/0.0.25/modules/pending/discord_erlpack-1.zip: 73%
2023-02-23T16:45:40.560Z [Modules] Streaming discord_erlpack@1 to /home/miguel/.config/discord/0.0.25/modules/pending/discord_erlpack-1.zip: 77%
2023-02-23T16:45:40.560Z [Modules] Streaming discord_erlpack@1 to /home/miguel/.config/discord/0.0.25/modules/pending/discord_erlpack-1.zip: 85%
2023-02-23T16:45:40.562Z [Modules] Streaming discord_erlpack@1 to /home/miguel/.config/discord/0.0.25/modules/pending/discord_erlpack-1.zip: 89%
2023-02-23T16:45:40.562Z [Modules] Streaming discord_erlpack@1 to /home/miguel/.config/discord/0.0.25/modules/pending/discord_erlpack-1.zip: 93%
2023-02-23T16:45:40.562Z [Modules] Streaming discord_erlpack@1 to /home/miguel/.config/discord/0.0.25/modules/pending/discord_erlpack-1.zip: 95%
2023-02-23T16:45:40.563Z [Modules] Streaming discord_erlpack@1 to /home/miguel/.config/discord/0.0.25/modules/pending/discord_erlpack-1.zip: 99%
2023-02-23T16:45:40.564Z [Modules] Streaming discord_erlpack@1 to /home/miguel/.config/discord/0.0.25/modules/pending/discord_erlpack-1.zip: 100%
2023-02-23T16:45:40.565Z [Modules] Fetching discord_spellcheck@1 from https://discord.com/api/modules/stable/discord_spellcheck/1
2023-02-23T16:45:40.565Z [Modules] Streaming discord_spellcheck@1 to /home/miguel/.config/discord/0.0.25/modules/pending/discord_spellcheck-1.zip
2023-02-23T16:45:40.819Z [Modules] Streaming discord_spellcheck@1 to /home/miguel/.config/discord/0.0.25/modules/pending/discord_spellcheck-1.zip: 1%
2023-02-23T16:45:40.821Z [Modules] Streaming discord_spellcheck@1 to /home/miguel/.config/discord/0.0.25/modules/pending/discord_spellcheck-1.zip: 2%
2023-02-23T16:45:40.821Z [Modules] Streaming discord_spellcheck@1 to /home/miguel/.config/discord/0.0.25/modules/pending/discord_spellcheck-1.zip: 3%
2023-02-23T16:45:40.824Z [Modules] Streaming discord_spellcheck@1 to /home/miguel/.config/discord/0.0.25/modules/pending/discord_spellcheck-1.zip: 4%
2023-02-23T16:45:40.824Z [Modules] Streaming discord_spellcheck@1 to /home/miguel/.config/discord/0.0.25/modules/pending/discord_spellcheck-1.zip: 5%
2023-02-23T16:45:40.827Z [Modules] Streaming discord_spellcheck@1 to /home/miguel/.config/discord/0.0.25/modules/pending/discord_spellcheck-1.zip: 6%
2023-02-23T16:45:40.827Z [Modules] Streaming discord_spellcheck@1 to /home/miguel/.config/discord/0.0.25/modules/pending/discord_spellcheck-1.zip: 7%
2023-02-23T16:45:40.827Z [Modules] Streaming discord_spellcheck@1 to /home/miguel/.config/discord/0.0.25/modules/pending/discord_spellcheck-1.zip: 8%
2023-02-23T16:45:40.830Z [Modules] Streaming discord_spellcheck@1 to /home/miguel/.config/discord/0.0.25/modules/pending/discord_spellcheck-1.zip: 9%
2023-02-23T16:45:40.830Z [Modules] Streaming discord_spellcheck@1 to /home/miguel/.config/discord/0.0.25/modules/pending/discord_spellcheck-1.zip: 10%
2023-02-23T16:45:40.833Z [Modules] Streaming discord_spellcheck@1 to /home/miguel/.config/discord/0.0.25/modules/pending/discord_spellcheck-1.zip: 11%
2023-02-23T16:45:40.833Z [Modules] Streaming discord_spellcheck@1 to /home/miguel/.config/discord/0.0.25/modules/pending/discord_spellcheck-1.zip: 12%
2023-02-23T16:45:40.836Z [Modules] Streaming discord_spellcheck@1 to /home/miguel/.config/discord/0.0.25/modules/pending/discord_spellcheck-1.zip: 13%
2023-02-23T16:45:40.836Z [Modules] Streaming discord_spellcheck@1 to /home/miguel/.config/discord/0.0.25/modules/pending/discord_spellcheck-1.zip: 14%
2023-02-23T16:45:40.839Z [Modules] Streaming discord_spellcheck@1 to /home/miguel/.config/discord/0.0.25/modules/pending/discord_spellcheck-1.zip: 15%
2023-02-23T16:45:40.840Z [Modules] Streaming discord_spellcheck@1 to /home/miguel/.config/discord/0.0.25/modules/pending/discord_spellcheck-1.zip: 16%
2023-02-23T16:45:40.841Z [Modules] Streaming discord_spellcheck@1 to /home/miguel/.config/discord/0.0.25/modules/pending/discord_spellcheck-1.zip: 17%
2023-02-23T16:45:40.844Z [Modules] Streaming discord_spellcheck@1 to /home/miguel/.config/discord/0.0.25/modules/pending/discord_spellcheck-1.zip: 18%
2023-02-23T16:45:40.844Z [Modules] Streaming discord_spellcheck@1 to /home/miguel/.config/discord/0.0.25/modules/pending/discord_spellcheck-1.zip: 19%
2023-02-23T16:45:40.847Z [Modules] Streaming discord_spellcheck@1 to /home/miguel/.config/discord/0.0.25/modules/pending/discord_spellcheck-1.zip: 20%
2023-02-23T16:45:40.847Z [Modules] Streaming discord_spellcheck@1 to /home/miguel/.config/discord/0.0.25/modules/pending/discord_spellcheck-1.zip: 21%
2023-02-23T16:45:40.850Z [Modules] Streaming discord_spellcheck@1 to /home/miguel/.config/discord/0.0.25/modules/pending/discord_spellcheck-1.zip: 22%
2023-02-23T16:45:40.850Z [Modules] Streaming discord_spellcheck@1 to /home/miguel/.config/discord/0.0.25/modules/pending/discord_spellcheck-1.zip: 23%
2023-02-23T16:45:40.853Z [Modules] Streaming discord_spellcheck@1 to /home/miguel/.config/discord/0.0.25/modules/pending/discord_spellcheck-1.zip: 24%
2023-02-23T16:45:40.853Z [Modules] Streaming discord_spellcheck@1 to /home/miguel/.config/discord/0.0.25/modules/pending/discord_spellcheck-1.zip: 25%
2023-02-23T16:45:40.856Z [Modules] Streaming discord_spellcheck@1 to /home/miguel/.config/discord/0.0.25/modules/pending/discord_spellcheck-1.zip: 27%
2023-02-23T16:45:40.860Z [Modules] Streaming discord_spellcheck@1 to /home/miguel/.config/discord/0.0.25/modules/pending/discord_spellcheck-1.zip: 28%
2023-02-23T16:45:40.860Z [Modules] Streaming discord_spellcheck@1 to /home/miguel/.config/discord/0.0.25/modules/pending/discord_spellcheck-1.zip: 29%
2023-02-23T16:45:40.863Z [Modules] Streaming discord_spellcheck@1 to /home/miguel/.config/discord/0.0.25/modules/pending/discord_spellcheck-1.zip: 30%
2023-02-23T16:45:40.863Z [Modules] Streaming discord_spellcheck@1 to /home/miguel/.config/discord/0.0.25/modules/pending/discord_spellcheck-1.zip: 31%
2023-02-23T16:45:40.866Z [Modules] Streaming discord_spellcheck@1 to /home/miguel/.config/discord/0.0.25/modules/pending/discord_spellcheck-1.zip: 32%
2023-02-23T16:45:40.866Z [Modules] Streaming discord_spellcheck@1 to /home/miguel/.config/discord/0.0.25/modules/pending/discord_spellcheck-1.zip: 33%
2023-02-23T16:45:40.869Z [Modules] Streaming discord_spellcheck@1 to /home/miguel/.config/discord/0.0.25/modules/pending/discord_spellcheck-1.zip: 34%
2023-02-23T16:45:40.870Z [Modules] Streaming discord_spellcheck@1 to /home/miguel/.config/discord/0.0.25/modules/pending/discord_spellcheck-1.zip: 35%
2023-02-23T16:45:40.870Z [Modules] Streaming discord_spellcheck@1 to /home/miguel/.config/discord/0.0.25/modules/pending/discord_spellcheck-1.zip: 36%
2023-02-23T16:45:40.873Z [Modules] Streaming discord_spellcheck@1 to /home/miguel/.config/discord/0.0.25/modules/pending/discord_spellcheck-1.zip: 37%
2023-02-23T16:45:40.873Z [Modules] Streaming discord_spellcheck@1 to /home/miguel/.config/discord/0.0.25/modules/pending/discord_spellcheck-1.zip: 38%
2023-02-23T16:45:40.877Z [Modules] Streaming discord_spellcheck@1 to /home/miguel/.config/discord/0.0.25/modules/pending/discord_spellcheck-1.zip: 39%
2023-02-23T16:45:40.880Z [Modules] Streaming discord_spellcheck@1 to /home/miguel/.config/discord/0.0.25/modules/pending/discord_spellcheck-1.zip: 40%
2023-02-23T16:45:40.880Z [Modules] Streaming discord_spellcheck@1 to /home/miguel/.config/discord/0.0.25/modules/pending/discord_spellcheck-1.zip: 41%
2023-02-23T16:45:40.880Z [Modules] Streaming discord_spellcheck@1 to /home/miguel/.config/discord/0.0.25/modules/pending/discord_spellcheck-1.zip: 42%
2023-02-23T16:45:40.883Z [Modules] Streaming discord_spellcheck@1 to /home/miguel/.config/discord/0.0.25/modules/pending/discord_spellcheck-1.zip: 43%
2023-02-23T16:45:40.883Z [Modules] Streaming discord_spellcheck@1 to /home/miguel/.config/discord/0.0.25/modules/pending/discord_spellcheck-1.zip: 44%
2023-02-23T16:45:40.886Z [Modules] Streaming discord_spellcheck@1 to /home/miguel/.config/discord/0.0.25/modules/pending/discord_spellcheck-1.zip: 46%
2023-02-23T16:45:40.889Z [Modules] Streaming discord_spellcheck@1 to /home/miguel/.config/discord/0.0.25/modules/pending/discord_spellcheck-1.zip: 47%
2023-02-23T16:45:40.889Z [Modules] Streaming discord_spellcheck@1 to /home/miguel/.config/discord/0.0.25/modules/pending/discord_spellcheck-1.zip: 48%
2023-02-23T16:45:40.892Z [Modules] Streaming discord_spellcheck@1 to /home/miguel/.config/discord/0.0.25/modules/pending/discord_spellcheck-1.zip: 49%
2023-02-23T16:45:40.892Z [Modules] Streaming discord_spellcheck@1 to /home/miguel/.config/discord/0.0.25/modules/pending/discord_spellcheck-1.zip: 50%
2023-02-23T16:45:40.895Z [Modules] Streaming discord_spellcheck@1 to /home/miguel/.config/discord/0.0.25/modules/pending/discord_spellcheck-1.zip: 51%
2023-02-23T16:45:40.895Z [Modules] Streaming discord_spellcheck@1 to /home/miguel/.config/discord/0.0.25/modules/pending/discord_spellcheck-1.zip: 52%
2023-02-23T16:45:40.898Z [Modules] Streaming discord_spellcheck@1 to /home/miguel/.config/discord/0.0.25/modules/pending/discord_spellcheck-1.zip: 53%
2023-02-23T16:45:40.898Z [Modules] Streaming discord_spellcheck@1 to /home/miguel/.config/discord/0.0.25/modules/pending/discord_spellcheck-1.zip: 54%
2023-02-23T16:45:40.901Z [Modules] Streaming discord_spellcheck@1 to /home/miguel/.config/discord/0.0.25/modules/pending/discord_spellcheck-1.zip: 55%
2023-02-23T16:45:40.901Z [Modules] Streaming discord_spellcheck@1 to /home/miguel/.config/discord/0.0.25/modules/pending/discord_spellcheck-1.zip: 56%
2023-02-23T16:45:40.902Z [Modules] Streaming discord_spellcheck@1 to /home/miguel/.config/discord/0.0.25/modules/pending/discord_spellcheck-1.zip: 57%
2023-02-23T16:45:40.905Z [Modules] Streaming discord_spellcheck@1 to /home/miguel/.config/discord/0.0.25/modules/pending/discord_spellcheck-1.zip: 58%
2023-02-23T16:45:40.905Z [Modules] Streaming discord_spellcheck@1 to /home/miguel/.config/discord/0.0.25/modules/pending/discord_spellcheck-1.zip: 59%
2023-02-23T16:45:40.907Z [Modules] Streaming discord_spellcheck@1 to /home/miguel/.config/discord/0.0.25/modules/pending/discord_spellcheck-1.zip: 60%
2023-02-23T16:45:40.917Z [Modules] Streaming discord_spellcheck@1 to /home/miguel/.config/discord/0.0.25/modules/pending/discord_spellcheck-1.zip: 62%
2023-02-23T16:45:40.920Z [Modules] Streaming discord_spellcheck@1 to /home/miguel/.config/discord/0.0.25/modules/pending/discord_spellcheck-1.zip: 63%
2023-02-23T16:45:40.923Z [Modules] Streaming discord_spellcheck@1 to /home/miguel/.config/discord/0.0.25/modules/pending/discord_spellcheck-1.zip: 64%
2023-02-23T16:45:40.923Z [Modules] Streaming discord_spellcheck@1 to /home/miguel/.config/discord/0.0.25/modules/pending/discord_spellcheck-1.zip: 66%
2023-02-23T16:45:40.926Z [Modules] Streaming discord_spellcheck@1 to /home/miguel/.config/discord/0.0.25/modules/pending/discord_spellcheck-1.zip: 67%
2023-02-23T16:45:40.926Z [Modules] Streaming discord_spellcheck@1 to /home/miguel/.config/discord/0.0.25/modules/pending/discord_spellcheck-1.zip: 68%
2023-02-23T16:45:40.929Z [Modules] Streaming discord_spellcheck@1 to /home/miguel/.config/discord/0.0.25/modules/pending/discord_spellcheck-1.zip: 69%
2023-02-23T16:45:40.929Z [Modules] Streaming discord_spellcheck@1 to /home/miguel/.config/discord/0.0.25/modules/pending/discord_spellcheck-1.zip: 70%
2023-02-23T16:45:40.932Z [Modules] Streaming discord_spellcheck@1 to /home/miguel/.config/discord/0.0.25/modules/pending/discord_spellcheck-1.zip: 71%
2023-02-23T16:45:40.932Z [Modules] Streaming discord_spellcheck@1 to /home/miguel/.config/discord/0.0.25/modules/pending/discord_spellcheck-1.zip: 72%
2023-02-23T16:45:40.935Z [Modules] Streaming discord_spellcheck@1 to /home/miguel/.config/discord/0.0.25/modules/pending/discord_spellcheck-1.zip: 73%
2023-02-23T16:45:40.935Z [Modules] Streaming discord_spellcheck@1 to /home/miguel/.config/discord/0.0.25/modules/pending/discord_spellcheck-1.zip: 74%
2023-02-23T16:45:40.937Z [Modules] Streaming discord_spellcheck@1 to /home/miguel/.config/discord/0.0.25/modules/pending/discord_spellcheck-1.zip: 75%
2023-02-23T16:45:40.937Z [Modules] Streaming discord_spellcheck@1 to /home/miguel/.config/discord/0.0.25/modules/pending/discord_spellcheck-1.zip: 76%
2023-02-23T16:45:40.941Z [Modules] Streaming discord_spellcheck@1 to /home/miguel/.config/discord/0.0.25/modules/pending/discord_spellcheck-1.zip: 77%
2023-02-23T16:45:40.942Z [Modules] Streaming discord_spellcheck@1 to /home/miguel/.config/discord/0.0.25/modules/pending/discord_spellcheck-1.zip: 79%
2023-02-23T16:45:40.945Z [Modules] Streaming discord_spellcheck@1 to /home/miguel/.config/discord/0.0.25/modules/pending/discord_spellcheck-1.zip: 80%
2023-02-23T16:45:40.945Z [Modules] Streaming discord_spellcheck@1 to /home/miguel/.config/discord/0.0.25/modules/pending/discord_spellcheck-1.zip: 81%
2023-02-23T16:45:40.948Z [Modules] Streaming discord_spellcheck@1 to /home/miguel/.config/discord/0.0.25/modules/pending/discord_spellcheck-1.zip: 82%
2023-02-23T16:45:40.948Z [Modules] Streaming discord_spellcheck@1 to /home/miguel/.config/discord/0.0.25/modules/pending/discord_spellcheck-1.zip: 83%
2023-02-23T16:45:40.952Z [Modules] Streaming discord_spellcheck@1 to /home/miguel/.config/discord/0.0.25/modules/pending/discord_spellcheck-1.zip: 85%
2023-02-23T16:45:40.954Z [Modules] Streaming discord_spellcheck@1 to /home/miguel/.config/discord/0.0.25/modules/pending/discord_spellcheck-1.zip: 86%
2023-02-23T16:45:40.956Z [Modules] Streaming discord_spellcheck@1 to /home/miguel/.config/discord/0.0.25/modules/pending/discord_spellcheck-1.zip: 87%
2023-02-23T16:45:40.959Z [Modules] Streaming discord_spellcheck@1 to /home/miguel/.config/discord/0.0.25/modules/pending/discord_spellcheck-1.zip: 89%
2023-02-23T16:45:40.961Z [Modules] Streaming discord_spellcheck@1 to /home/miguel/.config/discord/0.0.25/modules/pending/discord_spellcheck-1.zip: 90%
2023-02-23T16:45:40.961Z [Modules] Streaming discord_spellcheck@1 to /home/miguel/.config/discord/0.0.25/modules/pending/discord_spellcheck-1.zip: 91%
2023-02-23T16:45:40.964Z [Modules] Streaming discord_spellcheck@1 to /home/miguel/.config/discord/0.0.25/modules/pending/discord_spellcheck-1.zip: 92%
2023-02-23T16:45:40.964Z [Modules] Streaming discord_spellcheck@1 to /home/miguel/.config/discord/0.0.25/modules/pending/discord_spellcheck-1.zip: 93%
2023-02-23T16:45:40.967Z [Modules] Streaming discord_spellcheck@1 to /home/miguel/.config/discord/0.0.25/modules/pending/discord_spellcheck-1.zip: 94%
2023-02-23T16:45:40.968Z [Modules] Streaming discord_spellcheck@1 to /home/miguel/.config/discord/0.0.25/modules/pending/discord_spellcheck-1.zip: 95%
2023-02-23T16:45:40.970Z [Modules] Streaming discord_spellcheck@1 to /home/miguel/.config/discord/0.0.25/modules/pending/discord_spellcheck-1.zip: 96%
2023-02-23T16:45:40.971Z [Modules] Streaming discord_spellcheck@1 to /home/miguel/.config/discord/0.0.25/modules/pending/discord_spellcheck-1.zip: 97%
2023-02-23T16:45:40.971Z [Modules] Streaming discord_spellcheck@1 to /home/miguel/.config/discord/0.0.25/modules/pending/discord_spellcheck-1.zip: 98%
2023-02-23T16:45:40.972Z [Modules] Streaming discord_spellcheck@1 to /home/miguel/.config/discord/0.0.25/modules/pending/discord_spellcheck-1.zip: 99%
2023-02-23T16:45:40.976Z [Modules] Streaming discord_spellcheck@1 to /home/miguel/.config/discord/0.0.25/modules/pending/discord_spellcheck-1.zip: 100%
2023-02-23T16:45:40.976Z [Modules] Fetching discord_utils@1 from https://discord.com/api/modules/stable/discord_utils/1
2023-02-23T16:45:40.976Z [Modules] Streaming discord_utils@1 to /home/miguel/.config/discord/0.0.25/modules/pending/discord_utils-1.zip
2023-02-23T16:45:41.229Z [Modules] Streaming discord_utils@1 to /home/miguel/.config/discord/0.0.25/modules/pending/discord_utils-1.zip: 2%
2023-02-23T16:45:41.229Z [Modules] Streaming discord_utils@1 to /home/miguel/.config/discord/0.0.25/modules/pending/discord_utils-1.zip: 5%
2023-02-23T16:45:41.230Z [Modules] Streaming discord_utils@1 to /home/miguel/.config/discord/0.0.25/modules/pending/discord_utils-1.zip: 8%
2023-02-23T16:45:41.231Z [Modules] Streaming discord_utils@1 to /home/miguel/.config/discord/0.0.25/modules/pending/discord_utils-1.zip: 12%
2023-02-23T16:45:41.234Z [Modules] Streaming discord_utils@1 to /home/miguel/.config/discord/0.0.25/modules/pending/discord_utils-1.zip: 14%
2023-02-23T16:45:41.234Z [Modules] Streaming discord_utils@1 to /home/miguel/.config/discord/0.0.25/modules/pending/discord_utils-1.zip: 17%
2023-02-23T16:45:41.234Z [Modules] Streaming discord_utils@1 to /home/miguel/.config/discord/0.0.25/modules/pending/discord_utils-1.zip: 19%
2023-02-23T16:45:41.237Z [Modules] Streaming discord_utils@1 to /home/miguel/.config/discord/0.0.25/modules/pending/discord_utils-1.zip: 21%
2023-02-23T16:45:41.238Z [Modules] Streaming discord_utils@1 to /home/miguel/.config/discord/0.0.25/modules/pending/discord_utils-1.zip: 23%
2023-02-23T16:45:41.238Z [Modules] Streaming discord_utils@1 to /home/miguel/.config/discord/0.0.25/modules/pending/discord_utils-1.zip: 25%
2023-02-23T16:45:41.238Z [Modules] Streaming discord_utils@1 to /home/miguel/.config/discord/0.0.25/modules/pending/discord_utils-1.zip: 27%
2023-02-23T16:45:41.240Z [Modules] Streaming discord_utils@1 to /home/miguel/.config/discord/0.0.25/modules/pending/discord_utils-1.zip: 29%
2023-02-23T16:45:41.240Z [Modules] Streaming discord_utils@1 to /home/miguel/.config/discord/0.0.25/modules/pending/discord_utils-1.zip: 33%
2023-02-23T16:45:41.241Z [Modules] Streaming discord_utils@1 to /home/miguel/.config/discord/0.0.25/modules/pending/discord_utils-1.zip: 34%
2023-02-23T16:45:41.244Z [Modules] Streaming discord_utils@1 to /home/miguel/.config/discord/0.0.25/modules/pending/discord_utils-1.zip: 36%
2023-02-23T16:45:41.244Z [Modules] Streaming discord_utils@1 to /home/miguel/.config/discord/0.0.25/modules/pending/discord_utils-1.zip: 39%
2023-02-23T16:45:41.244Z [Modules] Streaming discord_utils@1 to /home/miguel/.config/discord/0.0.25/modules/pending/discord_utils-1.zip: 41%
2023-02-23T16:45:41.246Z [Modules] Streaming discord_utils@1 to /home/miguel/.config/discord/0.0.25/modules/pending/discord_utils-1.zip: 43%
2023-02-23T16:45:41.247Z [Modules] Streaming discord_utils@1 to /home/miguel/.config/discord/0.0.25/modules/pending/discord_utils-1.zip: 48%
2023-02-23T16:45:41.250Z [Modules] Streaming discord_utils@1 to /home/miguel/.config/discord/0.0.25/modules/pending/discord_utils-1.zip: 50%
2023-02-23T16:45:41.250Z [Modules] Streaming discord_utils@1 to /home/miguel/.config/discord/0.0.25/modules/pending/discord_utils-1.zip: 52%
2023-02-23T16:45:41.250Z [Modules] Streaming discord_utils@1 to /home/miguel/.config/discord/0.0.25/modules/pending/discord_utils-1.zip: 56%
2023-02-23T16:45:41.253Z [Modules] Streaming discord_utils@1 to /home/miguel/.config/discord/0.0.25/modules/pending/discord_utils-1.zip: 58%
2023-02-23T16:45:41.253Z [Modules] Streaming discord_utils@1 to /home/miguel/.config/discord/0.0.25/modules/pending/discord_utils-1.zip: 62%
2023-02-23T16:45:41.253Z [Modules] Streaming discord_utils@1 to /home/miguel/.config/discord/0.0.25/modules/pending/discord_utils-1.zip: 63%
2023-02-23T16:45:41.256Z [Modules] Streaming discord_utils@1 to /home/miguel/.config/discord/0.0.25/modules/pending/discord_utils-1.zip: 65%
2023-02-23T16:45:41.256Z [Modules] Streaming discord_utils@1 to /home/miguel/.config/discord/0.0.25/modules/pending/discord_utils-1.zip: 69%
2023-02-23T16:45:41.256Z [Modules] Streaming discord_utils@1 to /home/miguel/.config/discord/0.0.25/modules/pending/discord_utils-1.zip: 70%
2023-02-23T16:45:41.259Z [Modules] Streaming discord_utils@1 to /home/miguel/.config/discord/0.0.25/modules/pending/discord_utils-1.zip: 72%
2023-02-23T16:45:41.259Z [Modules] Streaming discord_utils@1 to /home/miguel/.config/discord/0.0.25/modules/pending/discord_utils-1.zip: 77%
2023-02-23T16:45:41.261Z [Modules] Streaming discord_utils@1 to /home/miguel/.config/discord/0.0.25/modules/pending/discord_utils-1.zip: 80%
2023-02-23T16:45:41.262Z [Modules] Streaming discord_utils@1 to /home/miguel/.config/discord/0.0.25/modules/pending/discord_utils-1.zip: 84%
2023-02-23T16:45:41.262Z [Modules] Streaming discord_utils@1 to /home/miguel/.config/discord/0.0.25/modules/pending/discord_utils-1.zip: 86%
2023-02-23T16:45:41.262Z [Modules] Streaming discord_utils@1 to /home/miguel/.config/discord/0.0.25/modules/pending/discord_utils-1.zip: 87%
2023-02-23T16:45:41.265Z [Modules] Streaming discord_utils@1 to /home/miguel/.config/discord/0.0.25/modules/pending/discord_utils-1.zip: 89%
2023-02-23T16:45:41.265Z [Modules] Streaming discord_utils@1 to /home/miguel/.config/discord/0.0.25/modules/pending/discord_utils-1.zip: 93%
2023-02-23T16:45:41.267Z [Modules] Streaming discord_utils@1 to /home/miguel/.config/discord/0.0.25/modules/pending/discord_utils-1.zip: 95%
2023-02-23T16:45:41.267Z [Modules] Streaming discord_utils@1 to /home/miguel/.config/discord/0.0.25/modules/pending/discord_utils-1.zip: 100%
2023-02-23T16:45:41.268Z [Modules] Fetching discord_voice@1 from https://discord.com/api/modules/stable/discord_voice/1
2023-02-23T16:45:41.268Z [Modules] Streaming discord_voice@1 to /home/miguel/.config/discord/0.0.25/modules/pending/discord_voice-1.zip
2023-02-23T16:45:41.485Z [Modules] Streaming discord_voice@1 to /home/miguel/.config/discord/0.0.25/modules/pending/discord_voice-1.zip: 1%
2023-02-23T16:45:41.485Z [Modules] Streaming discord_voice@1 to /home/miguel/.config/discord/0.0.25/modules/pending/discord_voice-1.zip: 2%
2023-02-23T16:45:41.488Z [Modules] Streaming discord_voice@1 to /home/miguel/.config/discord/0.0.25/modules/pending/discord_voice-1.zip: 3%
2023-02-23T16:45:41.491Z [Modules] Streaming discord_voice@1 to /home/miguel/.config/discord/0.0.25/modules/pending/discord_voice-1.zip: 4%
2023-02-23T16:45:41.494Z [Modules] Streaming discord_voice@1 to /home/miguel/.config/discord/0.0.25/modules/pending/discord_voice-1.zip: 5%
2023-02-23T16:45:41.497Z [Modules] Streaming discord_voice@1 to /home/miguel/.config/discord/0.0.25/modules/pending/discord_voice-1.zip: 6%
2023-02-23T16:45:41.500Z [Modules] Streaming discord_voice@1 to /home/miguel/.config/discord/0.0.25/modules/pending/discord_voice-1.zip: 7%
2023-02-23T16:45:41.502Z [Modules] Streaming discord_voice@1 to /home/miguel/.config/discord/0.0.25/modules/pending/discord_voice-1.zip: 8%
2023-02-23T16:45:41.506Z [Modules] Streaming discord_voice@1 to /home/miguel/.config/discord/0.0.25/modules/pending/discord_voice-1.zip: 9%
2023-02-23T16:45:41.510Z [Modules] Streaming discord_voice@1 to /home/miguel/.config/discord/0.0.25/modules/pending/discord_voice-1.zip: 10%
2023-02-23T16:45:41.513Z [Modules] Streaming discord_voice@1 to /home/miguel/.config/discord/0.0.25/modules/pending/discord_voice-1.zip: 11%
2023-02-23T16:45:41.516Z [Modules] Streaming discord_voice@1 to /home/miguel/.config/discord/0.0.25/modules/pending/discord_voice-1.zip: 12%
2023-02-23T16:45:41.519Z [Modules] Streaming discord_voice@1 to /home/miguel/.config/discord/0.0.25/modules/pending/discord_voice-1.zip: 13%
2023-02-23T16:45:41.523Z [Modules] Streaming discord_voice@1 to /home/miguel/.config/discord/0.0.25/modules/pending/discord_voice-1.zip: 14%
2023-02-23T16:45:41.523Z [Modules] Streaming discord_voice@1 to /home/miguel/.config/discord/0.0.25/modules/pending/discord_voice-1.zip: 15%
2023-02-23T16:45:41.526Z [Modules] Streaming discord_voice@1 to /home/miguel/.config/discord/0.0.25/modules/pending/discord_voice-1.zip: 16%
2023-02-23T16:45:41.530Z [Modules] Streaming discord_voice@1 to /home/miguel/.config/discord/0.0.25/modules/pending/discord_voice-1.zip: 17%
2023-02-23T16:45:41.536Z [Modules] Streaming discord_voice@1 to /home/miguel/.config/discord/0.0.25/modules/pending/discord_voice-1.zip: 18%
2023-02-23T16:45:41.539Z [Modules] Streaming discord_voice@1 to /home/miguel/.config/discord/0.0.25/modules/pending/discord_voice-1.zip: 19%
2023-02-23T16:45:41.543Z [Modules] Streaming discord_voice@1 to /home/miguel/.config/discord/0.0.25/modules/pending/discord_voice-1.zip: 20%
2023-02-23T16:45:41.545Z [Modules] Streaming discord_voice@1 to /home/miguel/.config/discord/0.0.25/modules/pending/discord_voice-1.zip: 21%
2023-02-23T16:45:41.549Z [Modules] Streaming discord_voice@1 to /home/miguel/.config/discord/0.0.25/modules/pending/discord_voice-1.zip: 22%
2023-02-23T16:45:41.551Z [Modules] Streaming discord_voice@1 to /home/miguel/.config/discord/0.0.25/modules/pending/discord_voice-1.zip: 23%
2023-02-23T16:45:41.555Z [Modules] Streaming discord_voice@1 to /home/miguel/.config/discord/0.0.25/modules/pending/discord_voice-1.zip: 24%
2023-02-23T16:45:41.555Z [Modules] Streaming discord_voice@1 to /home/miguel/.config/discord/0.0.25/modules/pending/discord_voice-1.zip: 25%
2023-02-23T16:45:41.557Z [Modules] Streaming discord_voice@1 to /home/miguel/.config/discord/0.0.25/modules/pending/discord_voice-1.zip: 26%
2023-02-23T16:45:41.562Z [Modules] Streaming discord_voice@1 to /home/miguel/.config/discord/0.0.25/modules/pending/discord_voice-1.zip: 27%
2023-02-23T16:45:41.564Z [Modules] Streaming discord_voice@1 to /home/miguel/.config/discord/0.0.25/modules/pending/discord_voice-1.zip: 28%
2023-02-23T16:45:41.566Z [Modules] Streaming discord_voice@1 to /home/miguel/.config/discord/0.0.25/modules/pending/discord_voice-1.zip: 29%
2023-02-23T16:45:41.569Z [Modules] Streaming discord_voice@1 to /home/miguel/.config/discord/0.0.25/modules/pending/discord_voice-1.zip: 30%
2023-02-23T16:45:41.573Z [Modules] Streaming discord_voice@1 to /home/miguel/.config/discord/0.0.25/modules/pending/discord_voice-1.zip: 31%
2023-02-23T16:45:41.575Z [Modules] Streaming discord_voice@1 to /home/miguel/.config/discord/0.0.25/modules/pending/discord_voice-1.zip: 32%
2023-02-23T16:45:41.579Z [Modules] Streaming discord_voice@1 to /home/miguel/.config/discord/0.0.25/modules/pending/discord_voice-1.zip: 33%
2023-02-23T16:45:41.582Z [Modules] Streaming discord_voice@1 to /home/miguel/.config/discord/0.0.25/modules/pending/discord_voice-1.zip: 34%
2023-02-23T16:45:41.585Z [Modules] Streaming discord_voice@1 to /home/miguel/.config/discord/0.0.25/modules/pending/discord_voice-1.zip: 35%
2023-02-23T16:45:41.592Z [Modules] Streaming discord_voice@1 to /home/miguel/.config/discord/0.0.25/modules/pending/discord_voice-1.zip: 36%
2023-02-23T16:45:41.594Z [Modules] Streaming discord_voice@1 to /home/miguel/.config/discord/0.0.25/modules/pending/discord_voice-1.zip: 37%
2023-02-23T16:45:41.600Z [Modules] Streaming discord_voice@1 to /home/miguel/.config/discord/0.0.25/modules/pending/discord_voice-1.zip: 38%
2023-02-23T16:45:41.600Z [Modules] Streaming discord_voice@1 to /home/miguel/.config/discord/0.0.25/modules/pending/discord_voice-1.zip: 39%
2023-02-23T16:45:41.605Z [Modules] Streaming discord_voice@1 to /home/miguel/.config/discord/0.0.25/modules/pending/discord_voice-1.zip: 40%
2023-02-23T16:45:41.607Z [Modules] Streaming discord_voice@1 to /home/miguel/.config/discord/0.0.25/modules/pending/discord_voice-1.zip: 41%
2023-02-23T16:45:41.610Z [Modules] Streaming discord_voice@1 to /home/miguel/.config/discord/0.0.25/modules/pending/discord_voice-1.zip: 42%
2023-02-23T16:45:41.615Z [Modules] Streaming discord_voice@1 to /home/miguel/.config/discord/0.0.25/modules/pending/discord_voice-1.zip: 43%
2023-02-23T16:45:41.615Z [Modules] Streaming discord_voice@1 to /home/miguel/.config/discord/0.0.25/modules/pending/discord_voice-1.zip: 44%
2023-02-23T16:45:41.619Z [Modules] Streaming discord_voice@1 to /home/miguel/.config/discord/0.0.25/modules/pending/discord_voice-1.zip: 45%
2023-02-23T16:45:41.624Z [Modules] Streaming discord_voice@1 to /home/miguel/.config/discord/0.0.25/modules/pending/discord_voice-1.zip: 46%
2023-02-23T16:45:41.625Z [Modules] Streaming discord_voice@1 to /home/miguel/.config/discord/0.0.25/modules/pending/discord_voice-1.zip: 47%
2023-02-23T16:45:41.628Z [Modules] Streaming discord_voice@1 to /home/miguel/.config/discord/0.0.25/modules/pending/discord_voice-1.zip: 48%
2023-02-23T16:45:41.631Z [Modules] Streaming discord_voice@1 to /home/miguel/.config/discord/0.0.25/modules/pending/discord_voice-1.zip: 49%
2023-02-23T16:45:41.633Z [Modules] Streaming discord_voice@1 to /home/miguel/.config/discord/0.0.25/modules/pending/discord_voice-1.zip: 50%
2023-02-23T16:45:41.634Z [Modules] Streaming discord_voice@1 to /home/miguel/.config/discord/0.0.25/modules/pending/discord_voice-1.zip: 51%
2023-02-23T16:45:41.636Z [Modules] Streaming discord_voice@1 to /home/miguel/.config/discord/0.0.25/modules/pending/discord_voice-1.zip: 52%
2023-02-23T16:45:41.639Z [Modules] Streaming discord_voice@1 to /home/miguel/.config/discord/0.0.25/modules/pending/discord_voice-1.zip: 53%
2023-02-23T16:45:41.643Z [Modules] Streaming discord_voice@1 to /home/miguel/.config/discord/0.0.25/modules/pending/discord_voice-1.zip: 54%
2023-02-23T16:45:41.650Z [Modules] Streaming discord_voice@1 to /home/miguel/.config/discord/0.0.25/modules/pending/discord_voice-1.zip: 55%
2023-02-23T16:45:41.655Z [Modules] Streaming discord_voice@1 to /home/miguel/.config/discord/0.0.25/modules/pending/discord_voice-1.zip: 56%
2023-02-23T16:45:41.658Z [Modules] Streaming discord_voice@1 to /home/miguel/.config/discord/0.0.25/modules/pending/discord_voice-1.zip: 57%
2023-02-23T16:45:41.661Z [Modules] Streaming discord_voice@1 to /home/miguel/.config/discord/0.0.25/modules/pending/discord_voice-1.zip: 58%
2023-02-23T16:45:41.664Z [Modules] Streaming discord_voice@1 to /home/miguel/.config/discord/0.0.25/modules/pending/discord_voice-1.zip: 59%
2023-02-23T16:45:41.664Z [Modules] Streaming discord_voice@1 to /home/miguel/.config/discord/0.0.25/modules/pending/discord_voice-1.zip: 60%
2023-02-23T16:45:41.667Z [Modules] Streaming discord_voice@1 to /home/miguel/.config/discord/0.0.25/modules/pending/discord_voice-1.zip: 61%
2023-02-23T16:45:41.670Z [Modules] Streaming discord_voice@1 to /home/miguel/.config/discord/0.0.25/modules/pending/discord_voice-1.zip: 62%
2023-02-23T16:45:41.673Z [Modules] Streaming discord_voice@1 to /home/miguel/.config/discord/0.0.25/modules/pending/discord_voice-1.zip: 63%
2023-02-23T16:45:41.675Z [Modules] Streaming discord_voice@1 to /home/miguel/.config/discord/0.0.25/modules/pending/discord_voice-1.zip: 64%
2023-02-23T16:45:41.683Z [Modules] Streaming discord_voice@1 to /home/miguel/.config/discord/0.0.25/modules/pending/discord_voice-1.zip: 65%
2023-02-23T16:45:41.683Z [Modules] Streaming discord_voice@1 to /home/miguel/.config/discord/0.0.25/modules/pending/discord_voice-1.zip: 66%
2023-02-23T16:45:41.686Z [Modules] Streaming discord_voice@1 to /home/miguel/.config/discord/0.0.25/modules/pending/discord_voice-1.zip: 67%
2023-02-23T16:45:41.689Z [Modules] Streaming discord_voice@1 to /home/miguel/.config/discord/0.0.25/modules/pending/discord_voice-1.zip: 68%
2023-02-23T16:45:41.695Z [Modules] Streaming discord_voice@1 to /home/miguel/.config/discord/0.0.25/modules/pending/discord_voice-1.zip: 69%
2023-02-23T16:45:41.698Z [Modules] Streaming discord_voice@1 to /home/miguel/.config/discord/0.0.25/modules/pending/discord_voice-1.zip: 70%
2023-02-23T16:45:41.699Z [Modules] Streaming discord_voice@1 to /home/miguel/.config/discord/0.0.25/modules/pending/discord_voice-1.zip: 71%
2023-02-23T16:45:41.701Z [Modules] Streaming discord_voice@1 to /home/miguel/.config/discord/0.0.25/modules/pending/discord_voice-1.zip: 72%
2023-02-23T16:45:41.711Z [Modules] Streaming discord_voice@1 to /home/miguel/.config/discord/0.0.25/modules/pending/discord_voice-1.zip: 73%
2023-02-23T16:45:41.714Z [Modules] Streaming discord_voice@1 to /home/miguel/.config/discord/0.0.25/modules/pending/discord_voice-1.zip: 74%
2023-02-23T16:45:41.718Z [Modules] Streaming discord_voice@1 to /home/miguel/.config/discord/0.0.25/modules/pending/discord_voice-1.zip: 75%
2023-02-23T16:45:41.722Z [Modules] Streaming discord_voice@1 to /home/miguel/.config/discord/0.0.25/modules/pending/discord_voice-1.zip: 76%
2023-02-23T16:45:41.726Z [Modules] Streaming discord_voice@1 to /home/miguel/.config/discord/0.0.25/modules/pending/discord_voice-1.zip: 77%
2023-02-23T16:45:41.726Z [Modules] Streaming discord_voice@1 to /home/miguel/.config/discord/0.0.25/modules/pending/discord_voice-1.zip: 78%
2023-02-23T16:45:41.728Z [Modules] Streaming discord_voice@1 to /home/miguel/.config/discord/0.0.25/modules/pending/discord_voice-1.zip: 79%
2023-02-23T16:45:41.732Z [Modules] Streaming discord_voice@1 to /home/miguel/.config/discord/0.0.25/modules/pending/discord_voice-1.zip: 80%
2023-02-23T16:45:41.735Z [Modules] Streaming discord_voice@1 to /home/miguel/.config/discord/0.0.25/modules/pending/discord_voice-1.zip: 81%
2023-02-23T16:45:41.738Z [Modules] Streaming discord_voice@1 to /home/miguel/.config/discord/0.0.25/modules/pending/discord_voice-1.zip: 82%
2023-02-23T16:45:41.741Z [Modules] Streaming discord_voice@1 to /home/miguel/.config/discord/0.0.25/modules/pending/discord_voice-1.zip: 83%
2023-02-23T16:45:41.743Z [Modules] Streaming discord_voice@1 to /home/miguel/.config/discord/0.0.25/modules/pending/discord_voice-1.zip: 84%
2023-02-23T16:45:41.745Z [Modules] Streaming discord_voice@1 to /home/miguel/.config/discord/0.0.25/modules/pending/discord_voice-1.zip: 85%
2023-02-23T16:45:41.748Z [Modules] Streaming discord_voice@1 to /home/miguel/.config/discord/0.0.25/modules/pending/discord_voice-1.zip: 86%
2023-02-23T16:45:41.751Z [Modules] Streaming discord_voice@1 to /home/miguel/.config/discord/0.0.25/modules/pending/discord_voice-1.zip: 87%
2023-02-23T16:45:41.754Z [Modules] Streaming discord_voice@1 to /home/miguel/.config/discord/0.0.25/modules/pending/discord_voice-1.zip: 88%
2023-02-23T16:45:41.757Z [Modules] Streaming discord_voice@1 to /home/miguel/.config/discord/0.0.25/modules/pending/discord_voice-1.zip: 89%
2023-02-23T16:45:41.760Z [Modules] Streaming discord_voice@1 to /home/miguel/.config/discord/0.0.25/modules/pending/discord_voice-1.zip: 90%
2023-02-23T16:45:41.760Z [Modules] Streaming discord_voice@1 to /home/miguel/.config/discord/0.0.25/modules/pending/discord_voice-1.zip: 91%
2023-02-23T16:45:41.763Z [Modules] Streaming discord_voice@1 to /home/miguel/.config/discord/0.0.25/modules/pending/discord_voice-1.zip: 92%
2023-02-23T16:45:41.766Z [Modules] Streaming discord_voice@1 to /home/miguel/.config/discord/0.0.25/modules/pending/discord_voice-1.zip: 93%
2023-02-23T16:45:41.768Z [Modules] Streaming discord_voice@1 to /home/miguel/.config/discord/0.0.25/modules/pending/discord_voice-1.zip: 94%
2023-02-23T16:45:41.771Z [Modules] Streaming discord_voice@1 to /home/miguel/.config/discord/0.0.25/modules/pending/discord_voice-1.zip: 95%
2023-02-23T16:45:41.777Z [Modules] Streaming discord_voice@1 to /home/miguel/.config/discord/0.0.25/modules/pending/discord_voice-1.zip: 96%
2023-02-23T16:45:41.779Z [Modules] Streaming discord_voice@1 to /home/miguel/.config/discord/0.0.25/modules/pending/discord_voice-1.zip: 97%
2023-02-23T16:45:41.786Z [Modules] Streaming discord_voice@1 to /home/miguel/.config/discord/0.0.25/modules/pending/discord_voice-1.zip: 98%
2023-02-23T16:45:41.789Z [Modules] Streaming discord_voice@1 to /home/miguel/.config/discord/0.0.25/modules/pending/discord_voice-1.zip: 99%
2023-02-23T16:45:41.790Z [Modules] Streaming discord_voice@1 to /home/miguel/.config/discord/0.0.25/modules/pending/discord_voice-1.zip: 100%
2023-02-23T16:45:41.790Z [Modules] Finished module downloads. [success: 5] [failure: 0]
2023-02-23T16:45:41.791Z [Modules] Installing updates...
2023-02-23T16:45:41.791Z [Modules] Installing discord_desktop_core@1 from /home/miguel/.config/discord/0.0.25/modules/pending/discord_desktop_core-1.zip
2023-02-23T16:45:41.838Z [Modules] Installing discord_erlpack@1 from /home/miguel/.config/discord/0.0.25/modules/pending/discord_erlpack-1.zip
2023-02-23T16:45:41.874Z [Modules] Installing discord_spellcheck@1 from /home/miguel/.config/discord/0.0.25/modules/pending/discord_spellcheck-1.zip
2023-02-23T16:45:42.219Z [Modules] Installing discord_utils@1 from /home/miguel/.config/discord/0.0.25/modules/pending/discord_utils-1.zip
2023-02-23T16:45:42.398Z [Modules] Installing discord_voice@1 from /home/miguel/.config/discord/0.0.25/modules/pending/discord_voice-1.zip
2023-02-23T16:45:42.761Z [Modules] Finished module installations. [success: 5] [failure: 0]
2023-02-23T16:45:42.761Z [Modules] Checking for host updates.
2023-02-23T16:45:42.981Z [Modules] Host is up to date.
2023-02-23T16:45:42.981Z [Modules] Checking for module updates at https://discord.com/api/modules/stable/versions.json
2023-02-23T16:45:42.983Z [Modules] No module updates available.
2023-02-23T16:45:44.030Z [Modules] Starting to install discord_krisp...
2023-02-23T16:45:44.030Z [Modules] Fetching discord_krisp@1 from https://discord.com/api/modules/stable/discord_krisp/1
2023-02-23T16:45:44.030Z [Modules] Streaming discord_krisp@1 to /home/miguel/.config/discord/0.0.25/modules/pending/discord_krisp-1.zip
2023-02-23T16:45:44.031Z [Modules] Starting to install discord_game_utils...
2023-02-23T16:45:44.242Z [Modules] Streaming discord_krisp@1 to /home/miguel/.config/discord/0.0.25/modules/pending/discord_krisp-1.zip: 1%
2023-02-23T16:45:44.245Z [Modules] Streaming discord_krisp@1 to /home/miguel/.config/discord/0.0.25/modules/pending/discord_krisp-1.zip: 2%
2023-02-23T16:45:44.248Z [Modules] Streaming discord_krisp@1 to /home/miguel/.config/discord/0.0.25/modules/pending/discord_krisp-1.zip: 3%
2023-02-23T16:45:44.251Z [Modules] Streaming discord_krisp@1 to /home/miguel/.config/discord/0.0.25/modules/pending/discord_krisp-1.zip: 4%
2023-02-23T16:45:44.252Z [Modules] Streaming discord_krisp@1 to /home/miguel/.config/discord/0.0.25/modules/pending/discord_krisp-1.zip: 5%
2023-02-23T16:45:44.342Z [Modules] Streaming discord_krisp@1 to /home/miguel/.config/discord/0.0.25/modules/pending/discord_krisp-1.zip: 6%
2023-02-23T16:45:44.347Z [Modules] Streaming discord_krisp@1 to /home/miguel/.config/discord/0.0.25/modules/pending/discord_krisp-1.zip: 7%
2023-02-23T16:45:44.352Z [Modules] Streaming discord_krisp@1 to /home/miguel/.config/discord/0.0.25/modules/pending/discord_krisp-1.zip: 8%
2023-02-23T16:45:44.353Z [Modules] Streaming discord_krisp@1 to /home/miguel/.config/discord/0.0.25/modules/pending/discord_krisp-1.zip: 9%
2023-02-23T16:45:44.356Z [Modules] Streaming discord_krisp@1 to /home/miguel/.config/discord/0.0.25/modules/pending/discord_krisp-1.zip: 10%
2023-02-23T16:45:44.359Z [Modules] Streaming discord_krisp@1 to /home/miguel/.config/discord/0.0.25/modules/pending/discord_krisp-1.zip: 11%
2023-02-23T16:45:44.362Z [Modules] Streaming discord_krisp@1 to /home/miguel/.config/discord/0.0.25/modules/pending/discord_krisp-1.zip: 12%
2023-02-23T16:45:44.363Z [Modules] Streaming discord_krisp@1 to /home/miguel/.config/discord/0.0.25/modules/pending/discord_krisp-1.zip: 13%
2023-02-23T16:45:44.365Z [Modules] Streaming discord_krisp@1 to /home/miguel/.config/discord/0.0.25/modules/pending/discord_krisp-1.zip: 14%
2023-02-23T16:45:44.367Z [Modules] Streaming discord_krisp@1 to /home/miguel/.config/discord/0.0.25/modules/pending/discord_krisp-1.zip: 15%
2023-02-23T16:45:44.367Z [Modules] Streaming discord_krisp@1 to /home/miguel/.config/discord/0.0.25/modules/pending/discord_krisp-1.zip: 16%
2023-02-23T16:45:44.368Z [Modules] Streaming discord_krisp@1 to /home/miguel/.config/discord/0.0.25/modules/pending/discord_krisp-1.zip: 17%
2023-02-23T16:45:44.368Z [Modules] Streaming discord_krisp@1 to /home/miguel/.config/discord/0.0.25/modules/pending/discord_krisp-1.zip: 18%
2023-02-23T16:45:44.369Z [Modules] Streaming discord_krisp@1 to /home/miguel/.config/discord/0.0.25/modules/pending/discord_krisp-1.zip: 19%
2023-02-23T16:45:44.369Z [Modules] Streaming discord_krisp@1 to /home/miguel/.config/discord/0.0.25/modules/pending/discord_krisp-1.zip: 20%
2023-02-23T16:45:44.370Z [Modules] Streaming discord_krisp@1 to /home/miguel/.config/discord/0.0.25/modules/pending/discord_krisp-1.zip: 21%
2023-02-23T16:45:44.370Z [Modules] Streaming discord_krisp@1 to /home/miguel/.config/discord/0.0.25/modules/pending/discord_krisp-1.zip: 22%
2023-02-23T16:45:44.371Z [Modules] Streaming discord_krisp@1 to /home/miguel/.config/discord/0.0.25/modules/pending/discord_krisp-1.zip: 23%
2023-02-23T16:45:44.371Z [Modules] Streaming discord_krisp@1 to /home/miguel/.config/discord/0.0.25/modules/pending/discord_krisp-1.zip: 24%
2023-02-23T16:45:44.374Z [Modules] Streaming discord_krisp@1 to /home/miguel/.config/discord/0.0.25/modules/pending/discord_krisp-1.zip: 25%
2023-02-23T16:45:44.390Z [Modules] Streaming discord_krisp@1 to /home/miguel/.config/discord/0.0.25/modules/pending/discord_krisp-1.zip: 26%
2023-02-23T16:45:44.393Z [Modules] Streaming discord_krisp@1 to /home/miguel/.config/discord/0.0.25/modules/pending/discord_krisp-1.zip: 27%
2023-02-23T16:45:44.398Z [Modules] Streaming discord_krisp@1 to /home/miguel/.config/discord/0.0.25/modules/pending/discord_krisp-1.zip: 28%
2023-02-23T16:45:44.400Z [Modules] Streaming discord_krisp@1 to /home/miguel/.config/discord/0.0.25/modules/pending/discord_krisp-1.zip: 29%
2023-02-23T16:45:44.404Z [Modules] Streaming discord_krisp@1 to /home/miguel/.config/discord/0.0.25/modules/pending/discord_krisp-1.zip: 30%
2023-02-23T16:45:44.407Z [Modules] Streaming discord_krisp@1 to /home/miguel/.config/discord/0.0.25/modules/pending/discord_krisp-1.zip: 31%
2023-02-23T16:45:44.410Z [Modules] Streaming discord_krisp@1 to /home/miguel/.config/discord/0.0.25/modules/pending/discord_krisp-1.zip: 32%
2023-02-23T16:45:44.414Z [Modules] Streaming discord_krisp@1 to /home/miguel/.config/discord/0.0.25/modules/pending/discord_krisp-1.zip: 33%
2023-02-23T16:45:44.418Z [Modules] Streaming discord_krisp@1 to /home/miguel/.config/discord/0.0.25/modules/pending/discord_krisp-1.zip: 34%
2023-02-23T16:45:44.422Z [Modules] Streaming discord_krisp@1 to /home/miguel/.config/discord/0.0.25/modules/pending/discord_krisp-1.zip: 35%
2023-02-23T16:45:44.424Z [Modules] Streaming discord_krisp@1 to /home/miguel/.config/discord/0.0.25/modules/pending/discord_krisp-1.zip: 36%
2023-02-23T16:45:44.427Z [Modules] Streaming discord_krisp@1 to /home/miguel/.config/discord/0.0.25/modules/pending/discord_krisp-1.zip: 37%
2023-02-23T16:45:44.430Z [Modules] Streaming discord_krisp@1 to /home/miguel/.config/discord/0.0.25/modules/pending/discord_krisp-1.zip: 38%
2023-02-23T16:45:44.433Z [Modules] Streaming discord_krisp@1 to /home/miguel/.config/discord/0.0.25/modules/pending/discord_krisp-1.zip: 39%
2023-02-23T16:45:44.437Z [Modules] Streaming discord_krisp@1 to /home/miguel/.config/discord/0.0.25/modules/pending/discord_krisp-1.zip: 40%
2023-02-23T16:45:44.440Z [Modules] Streaming discord_krisp@1 to /home/miguel/.config/discord/0.0.25/modules/pending/discord_krisp-1.zip: 41%
2023-02-23T16:45:44.451Z [Modules] Streaming discord_krisp@1 to /home/miguel/.config/discord/0.0.25/modules/pending/discord_krisp-1.zip: 42%
2023-02-23T16:45:44.454Z [Modules] Streaming discord_krisp@1 to /home/miguel/.config/discord/0.0.25/modules/pending/discord_krisp-1.zip: 43%
2023-02-23T16:45:44.456Z [Modules] Streaming discord_krisp@1 to /home/miguel/.config/discord/0.0.25/modules/pending/discord_krisp-1.zip: 44%
2023-02-23T16:45:44.459Z [Modules] Streaming discord_krisp@1 to /home/miguel/.config/discord/0.0.25/modules/pending/discord_krisp-1.zip: 45%
2023-02-23T16:45:44.463Z [Modules] Streaming discord_krisp@1 to /home/miguel/.config/discord/0.0.25/modules/pending/discord_krisp-1.zip: 46%
2023-02-23T16:45:44.466Z [Modules] Streaming discord_krisp@1 to /home/miguel/.config/discord/0.0.25/modules/pending/discord_krisp-1.zip: 47%
2023-02-23T16:45:44.469Z [Modules] Streaming discord_krisp@1 to /home/miguel/.config/discord/0.0.25/modules/pending/discord_krisp-1.zip: 48%
2023-02-23T16:45:44.475Z [Modules] Streaming discord_krisp@1 to /home/miguel/.config/discord/0.0.25/modules/pending/discord_krisp-1.zip: 49%
2023-02-23T16:45:44.476Z [Modules] Streaming discord_krisp@1 to /home/miguel/.config/discord/0.0.25/modules/pending/discord_krisp-1.zip: 50%
2023-02-23T16:45:44.481Z [Modules] Streaming discord_krisp@1 to /home/miguel/.config/discord/0.0.25/modules/pending/discord_krisp-1.zip: 51%
2023-02-23T16:45:44.486Z [Modules] Streaming discord_krisp@1 to /home/miguel/.config/discord/0.0.25/modules/pending/discord_krisp-1.zip: 52%
2023-02-23T16:45:44.488Z [Modules] Streaming discord_krisp@1 to /home/miguel/.config/discord/0.0.25/modules/pending/discord_krisp-1.zip: 53%
2023-02-23T16:45:44.490Z [Modules] Streaming discord_krisp@1 to /home/miguel/.config/discord/0.0.25/modules/pending/discord_krisp-1.zip: 54%
2023-02-23T16:45:44.493Z [Modules] Streaming discord_krisp@1 to /home/miguel/.config/discord/0.0.25/modules/pending/discord_krisp-1.zip: 55%
2023-02-23T16:45:44.509Z [Modules] Streaming discord_krisp@1 to /home/miguel/.config/discord/0.0.25/modules/pending/discord_krisp-1.zip: 56%
2023-02-23T16:45:44.511Z [Modules] Streaming discord_krisp@1 to /home/miguel/.config/discord/0.0.25/modules/pending/discord_krisp-1.zip: 57%
2023-02-23T16:45:44.514Z [Modules] Streaming discord_krisp@1 to /home/miguel/.config/discord/0.0.25/modules/pending/discord_krisp-1.zip: 58%
2023-02-23T16:45:44.517Z [Modules] Streaming discord_krisp@1 to /home/miguel/.config/discord/0.0.25/modules/pending/discord_krisp-1.zip: 59%
2023-02-23T16:45:44.520Z [Modules] Streaming discord_krisp@1 to /home/miguel/.config/discord/0.0.25/modules/pending/discord_krisp-1.zip: 60%
2023-02-23T16:45:44.523Z [Modules] Streaming discord_krisp@1 to /home/miguel/.config/discord/0.0.25/modules/pending/discord_krisp-1.zip: 61%
2023-02-23T16:45:44.525Z [Modules] Streaming discord_krisp@1 to /home/miguel/.config/discord/0.0.25/modules/pending/discord_krisp-1.zip: 62%
2023-02-23T16:45:44.528Z [Modules] Streaming discord_krisp@1 to /home/miguel/.config/discord/0.0.25/modules/pending/discord_krisp-1.zip: 63%
2023-02-23T16:45:44.531Z [Modules] Streaming discord_krisp@1 to /home/miguel/.config/discord/0.0.25/modules/pending/discord_krisp-1.zip: 64%
2023-02-23T16:45:44.540Z [Modules] Streaming discord_krisp@1 to /home/miguel/.config/discord/0.0.25/modules/pending/discord_krisp-1.zip: 65%
2023-02-23T16:45:44.543Z [Modules] Streaming discord_krisp@1 to /home/miguel/.config/discord/0.0.25/modules/pending/discord_krisp-1.zip: 66%
2023-02-23T16:45:44.546Z [Modules] Streaming discord_krisp@1 to /home/miguel/.config/discord/0.0.25/modules/pending/discord_krisp-1.zip: 67%
2023-02-23T16:45:44.549Z [Modules] Streaming discord_krisp@1 to /home/miguel/.config/discord/0.0.25/modules/pending/discord_krisp-1.zip: 68%
2023-02-23T16:45:44.552Z [Modules] Streaming discord_krisp@1 to /home/miguel/.config/discord/0.0.25/modules/pending/discord_krisp-1.zip: 69%
2023-02-23T16:45:44.556Z [Modules] Streaming discord_krisp@1 to /home/miguel/.config/discord/0.0.25/modules/pending/discord_krisp-1.zip: 70%
2023-02-23T16:45:44.558Z [Modules] Streaming discord_krisp@1 to /home/miguel/.config/discord/0.0.25/modules/pending/discord_krisp-1.zip: 71%
2023-02-23T16:45:44.562Z [Modules] Streaming discord_krisp@1 to /home/miguel/.config/discord/0.0.25/modules/pending/discord_krisp-1.zip: 72%
2023-02-23T16:45:44.565Z [Modules] Streaming discord_krisp@1 to /home/miguel/.config/discord/0.0.25/modules/pending/discord_krisp-1.zip: 73%
2023-02-23T16:45:44.569Z [Modules] Streaming discord_krisp@1 to /home/miguel/.config/discord/0.0.25/modules/pending/discord_krisp-1.zip: 74%
2023-02-23T16:45:44.574Z [Modules] Streaming discord_krisp@1 to /home/miguel/.config/discord/0.0.25/modules/pending/discord_krisp-1.zip: 75%
2023-02-23T16:45:44.577Z [Modules] Streaming discord_krisp@1 to /home/miguel/.config/discord/0.0.25/modules/pending/discord_krisp-1.zip: 76%
2023-02-23T16:45:44.580Z [Modules] Streaming discord_krisp@1 to /home/miguel/.config/discord/0.0.25/modules/pending/discord_krisp-1.zip: 77%
2023-02-23T16:45:44.585Z [Modules] Streaming discord_krisp@1 to /home/miguel/.config/discord/0.0.25/modules/pending/discord_krisp-1.zip: 78%
2023-02-23T16:45:44.588Z [Modules] Streaming discord_krisp@1 to /home/miguel/.config/discord/0.0.25/modules/pending/discord_krisp-1.zip: 79%
2023-02-23T16:45:44.591Z [Modules] Streaming discord_krisp@1 to /home/miguel/.config/discord/0.0.25/modules/pending/discord_krisp-1.zip: 80%
2023-02-23T16:45:44.594Z [Modules] Streaming discord_krisp@1 to /home/miguel/.config/discord/0.0.25/modules/pending/discord_krisp-1.zip: 81%
2023-02-23T16:45:44.597Z [Modules] Streaming discord_krisp@1 to /home/miguel/.config/discord/0.0.25/modules/pending/discord_krisp-1.zip: 82%
2023-02-23T16:45:44.600Z [Modules] Streaming discord_krisp@1 to /home/miguel/.config/discord/0.0.25/modules/pending/discord_krisp-1.zip: 83%
2023-02-23T16:45:44.607Z [Modules] Streaming discord_krisp@1 to /home/miguel/.config/discord/0.0.25/modules/pending/discord_krisp-1.zip: 84%
2023-02-23T16:45:44.609Z [Modules] Streaming discord_krisp@1 to /home/miguel/.config/discord/0.0.25/modules/pending/discord_krisp-1.zip: 85%
2023-02-23T16:45:44.612Z [Modules] Streaming discord_krisp@1 to /home/miguel/.config/discord/0.0.25/modules/pending/discord_krisp-1.zip: 86%
2023-02-23T16:45:44.615Z [Modules] Streaming discord_krisp@1 to /home/miguel/.config/discord/0.0.25/modules/pending/discord_krisp-1.zip: 87%
2023-02-23T16:45:44.618Z [Modules] Streaming discord_krisp@1 to /home/miguel/.config/discord/0.0.25/modules/pending/discord_krisp-1.zip: 88%
2023-02-23T16:45:44.621Z [Modules] Streaming discord_krisp@1 to /home/miguel/.config/discord/0.0.25/modules/pending/discord_krisp-1.zip: 89%
2023-02-23T16:45:44.624Z [Modules] Streaming discord_krisp@1 to /home/miguel/.config/discord/0.0.25/modules/pending/discord_krisp-1.zip: 90%
2023-02-23T16:45:44.627Z [Modules] Streaming discord_krisp@1 to /home/miguel/.config/discord/0.0.25/modules/pending/discord_krisp-1.zip: 91%
2023-02-23T16:45:44.629Z [Modules] Streaming discord_krisp@1 to /home/miguel/.config/discord/0.0.25/modules/pending/discord_krisp-1.zip: 92%
2023-02-23T16:45:44.632Z [Modules] Streaming discord_krisp@1 to /home/miguel/.config/discord/0.0.25/modules/pending/discord_krisp-1.zip: 93%
2023-02-23T16:45:44.635Z [Modules] Streaming discord_krisp@1 to /home/miguel/.config/discord/0.0.25/modules/pending/discord_krisp-1.zip: 94%
2023-02-23T16:45:44.640Z [Modules] Streaming discord_krisp@1 to /home/miguel/.config/discord/0.0.25/modules/pending/discord_krisp-1.zip: 95%
2023-02-23T16:45:44.646Z [Modules] Streaming discord_krisp@1 to /home/miguel/.config/discord/0.0.25/modules/pending/discord_krisp-1.zip: 96%
2023-02-23T16:45:44.649Z [Modules] Streaming discord_krisp@1 to /home/miguel/.config/discord/0.0.25/modules/pending/discord_krisp-1.zip: 97%
2023-02-23T16:45:44.652Z [Modules] Streaming discord_krisp@1 to /home/miguel/.config/discord/0.0.25/modules/pending/discord_krisp-1.zip: 98%
2023-02-23T16:45:44.655Z [Modules] Streaming discord_krisp@1 to /home/miguel/.config/discord/0.0.25/modules/pending/discord_krisp-1.zip: 99%
2023-02-23T16:45:44.656Z [Modules] Streaming discord_krisp@1 to /home/miguel/.config/discord/0.0.25/modules/pending/discord_krisp-1.zip: 100%
2023-02-23T16:45:44.656Z [Modules] Fetching discord_game_utils@1 from https://discord.com/api/modules/stable/discord_game_utils/1
2023-02-23T16:45:44.656Z [Modules] Streaming discord_game_utils@1 to /home/miguel/.config/discord/0.0.25/modules/pending/discord_game_utils-1.zip
2023-02-23T16:45:44.656Z [Modules] Installing discord_krisp@1 from /home/miguel/.config/discord/0.0.25/modules/pending/discord_krisp-1.zip
2023-02-23T16:45:44.787Z [Modules] Checking for host updates.
2023-02-23T16:45:44.914Z [Modules] Streaming discord_game_utils@1 to /home/miguel/.config/discord/0.0.25/modules/pending/discord_game_utils-1.zip: 2%
2023-02-23T16:45:44.915Z [Modules] Streaming discord_game_utils@1 to /home/miguel/.config/discord/0.0.25/modules/pending/discord_game_utils-1.zip: 7%
2023-02-23T16:45:44.917Z [Modules] Streaming discord_game_utils@1 to /home/miguel/.config/discord/0.0.25/modules/pending/discord_game_utils-1.zip: 9%
2023-02-23T16:45:44.917Z [Modules] Streaming discord_game_utils@1 to /home/miguel/.config/discord/0.0.25/modules/pending/discord_game_utils-1.zip: 15%
2023-02-23T16:45:44.917Z [Modules] Finished module installations. [success: 1] [failure: 0]
2023-02-23T16:45:44.919Z [Modules] Streaming discord_game_utils@1 to /home/miguel/.config/discord/0.0.25/modules/pending/discord_game_utils-1.zip: 18%
2023-02-23T16:45:44.919Z [Modules] Streaming discord_game_utils@1 to /home/miguel/.config/discord/0.0.25/modules/pending/discord_game_utils-1.zip: 21%
2023-02-23T16:45:44.919Z [Modules] Streaming discord_game_utils@1 to /home/miguel/.config/discord/0.0.25/modules/pending/discord_game_utils-1.zip: 24%
2023-02-23T16:45:44.922Z [Modules] Streaming discord_game_utils@1 to /home/miguel/.config/discord/0.0.25/modules/pending/discord_game_utils-1.zip: 27%
2023-02-23T16:45:44.923Z [Modules] Streaming discord_game_utils@1 to /home/miguel/.config/discord/0.0.25/modules/pending/discord_game_utils-1.zip: 29%
2023-02-23T16:45:44.923Z [Modules] Streaming discord_game_utils@1 to /home/miguel/.config/discord/0.0.25/modules/pending/discord_game_utils-1.zip: 33%
2023-02-23T16:45:44.925Z [Modules] Streaming discord_game_utils@1 to /home/miguel/.config/discord/0.0.25/modules/pending/discord_game_utils-1.zip: 36%
2023-02-23T16:45:44.925Z [Modules] Streaming discord_game_utils@1 to /home/miguel/.config/discord/0.0.25/modules/pending/discord_game_utils-1.zip: 39%
2023-02-23T16:45:44.925Z [Modules] Streaming discord_game_utils@1 to /home/miguel/.config/discord/0.0.25/modules/pending/discord_game_utils-1.zip: 41%
2023-02-23T16:45:44.931Z [Modules] Streaming discord_game_utils@1 to /home/miguel/.config/discord/0.0.25/modules/pending/discord_game_utils-1.zip: 42%
2023-02-23T16:45:44.931Z [Modules] Streaming discord_game_utils@1 to /home/miguel/.config/discord/0.0.25/modules/pending/discord_game_utils-1.zip: 47%
2023-02-23T16:45:44.934Z [Modules] Streaming discord_game_utils@1 to /home/miguel/.config/discord/0.0.25/modules/pending/discord_game_utils-1.zip: 50%
2023-02-23T16:45:44.935Z [Modules] Streaming discord_game_utils@1 to /home/miguel/.config/discord/0.0.25/modules/pending/discord_game_utils-1.zip: 56%
2023-02-23T16:45:44.937Z [Modules] Streaming discord_game_utils@1 to /home/miguel/.config/discord/0.0.25/modules/pending/discord_game_utils-1.zip: 59%
2023-02-23T16:45:44.937Z [Modules] Streaming discord_game_utils@1 to /home/miguel/.config/discord/0.0.25/modules/pending/discord_game_utils-1.zip: 61%
2023-02-23T16:45:44.937Z [Modules] Streaming discord_game_utils@1 to /home/miguel/.config/discord/0.0.25/modules/pending/discord_game_utils-1.zip: 63%
2023-02-23T16:45:44.937Z [Modules] Streaming discord_game_utils@1 to /home/miguel/.config/discord/0.0.25/modules/pending/discord_game_utils-1.zip: 65%
2023-02-23T16:45:44.941Z [Modules] Streaming discord_game_utils@1 to /home/miguel/.config/discord/0.0.25/modules/pending/discord_game_utils-1.zip: 67%
2023-02-23T16:45:44.945Z [Modules] Streaming discord_game_utils@1 to /home/miguel/.config/discord/0.0.25/modules/pending/discord_game_utils-1.zip: 69%
2023-02-23T16:45:44.945Z [Modules] Streaming discord_game_utils@1 to /home/miguel/.config/discord/0.0.25/modules/pending/discord_game_utils-1.zip: 74%
2023-02-23T16:45:44.945Z [Modules] Streaming discord_game_utils@1 to /home/miguel/.config/discord/0.0.25/modules/pending/discord_game_utils-1.zip: 80%
2023-02-23T16:45:44.946Z [Modules] Streaming discord_game_utils@1 to /home/miguel/.config/discord/0.0.25/modules/pending/discord_game_utils-1.zip: 82%
2023-02-23T16:45:44.947Z [Modules] Streaming discord_game_utils@1 to /home/miguel/.config/discord/0.0.25/modules/pending/discord_game_utils-1.zip: 84%
2023-02-23T16:45:44.949Z [Modules] Streaming discord_game_utils@1 to /home/miguel/.config/discord/0.0.25/modules/pending/discord_game_utils-1.zip: 85%
2023-02-23T16:45:44.949Z [Modules] Streaming discord_game_utils@1 to /home/miguel/.config/discord/0.0.25/modules/pending/discord_game_utils-1.zip: 87%
2023-02-23T16:45:44.949Z [Modules] Streaming discord_game_utils@1 to /home/miguel/.config/discord/0.0.25/modules/pending/discord_game_utils-1.zip: 90%
2023-02-23T16:45:44.950Z [Modules] Streaming discord_game_utils@1 to /home/miguel/.config/discord/0.0.25/modules/pending/discord_game_utils-1.zip: 93%
2023-02-23T16:45:44.950Z [Modules] Starting to install discord_rpc...
2023-02-23T16:45:44.951Z [Modules] Streaming discord_game_utils@1 to /home/miguel/.config/discord/0.0.25/modules/pending/discord_game_utils-1.zip: 96%
2023-02-23T16:45:44.951Z [Modules] Streaming discord_game_utils@1 to /home/miguel/.config/discord/0.0.25/modules/pending/discord_game_utils-1.zip: 98%
2023-02-23T16:45:44.951Z [Modules] Streaming discord_game_utils@1 to /home/miguel/.config/discord/0.0.25/modules/pending/discord_game_utils-1.zip: 100%
2023-02-23T16:45:44.952Z [Modules] Fetching discord_rpc@1 from https://discord.com/api/modules/stable/discord_rpc/1
2023-02-23T16:45:44.952Z [Modules] Streaming discord_rpc@1 to /home/miguel/.config/discord/0.0.25/modules/pending/discord_rpc-1.zip
2023-02-23T16:45:44.952Z [Modules] Installing discord_game_utils@1 from /home/miguel/.config/discord/0.0.25/modules/pending/discord_game_utils-1.zip
2023-02-23T16:45:45.006Z [Modules] Host is up to date.
2023-02-23T16:45:45.006Z [Modules] Checking for module updates at https://discord.com/api/modules/stable/versions.json
2023-02-23T16:45:45.009Z [Modules] No module updates available.
2023-02-23T16:45:45.018Z [Modules] Finished module installations. [success: 1] [failure: 0]
2023-02-23T16:45:45.198Z [Modules] Streaming discord_rpc@1 to /home/miguel/.config/discord/0.0.25/modules/pending/discord_rpc-1.zip: 100%
2023-02-23T16:45:45.199Z [Modules] Finished module downloads. [success: 3] [failure: 0]
2023-02-23T16:45:45.199Z [Modules] Installing discord_rpc@1 from /home/miguel/.config/discord/0.0.25/modules/pending/discord_rpc-1.zip
2023-02-23T16:45:45.206Z [Modules] Finished module installations. [success: 1] [failure: 0]
2023-02-23T17:35:32.033Z [Modules] Modules initializing
2023-02-23T17:35:32.033Z [Modules] Distribution: remote
2023-02-23T17:35:32.033Z [Modules] Host updates: enabled
2023-02-23T17:35:32.033Z [Modules] Module updates: enabled
2023-02-23T17:35:32.033Z [Modules] Module install path: /home/miguel/.config/discord/0.0.25/modules
2023-02-23T17:35:32.033Z [Modules] Module installed file path: /home/miguel/.config/discord/0.0.25/modules/installed.json
2023-02-23T17:35:32.033Z [Modules] Module download path: /home/miguel/.config/discord/0.0.25/modules/pending
2023-02-23T18:03:27.688Z [Modules] Modules initializing
2023-02-23T18:03:27.688Z [Modules] Distribution: remote
2023-02-23T18:03:27.688Z [Modules] Host updates: enabled
2023-02-23T18:03:27.688Z [Modules] Module updates: enabled
2023-02-23T18:03:27.689Z [Modules] Module install path: /home/miguel/.config/discord/0.0.25/modules
2023-02-23T18:03:27.689Z [Modules] Module installed file path: /home/miguel/.config/discord/0.0.25/modules/installed.json
2023-02-23T18:03:27.689Z [Modules] Module download path: /home/miguel/.config/discord/0.0.25/modules/pending
2023-02-23T18:03:28.098Z [Modules] No updates to install
2023-02-23T18:03:28.098Z [Modules] Checking for host updates.
2023-02-23T18:03:28.330Z [Modules] Host is up to date.
2023-02-23T18:03:28.330Z [Modules] Checking for module updates at https://discord.com/api/modules/stable/versions.json
2023-02-23T18:03:28.366Z [Modules] No module updates available.
2023-02-23T18:03:31.174Z [Modules] Checking for host updates.
2023-02-23T18:03:31.467Z [Modules] Host is up to date.
2023-02-23T18:03:31.467Z [Modules] Checking for module updates at https://discord.com/api/modules/stable/versions.json
2023-02-23T18:03:31.469Z [Modules] No module updates available.
2023-02-23T18:19:10.727Z [Modules] Modules initializing
2023-02-23T18:19:10.727Z [Modules] Distribution: remote
2023-02-23T18:19:10.727Z [Modules] Host updates: enabled
2023-02-23T18:19:10.727Z [Modules] Module updates: enabled
2023-02-23T18:19:10.727Z [Modules] Module install path: /home/miguel/.config/discord/0.0.25/modules
2023-02-23T18:19:10.727Z [Modules] Module installed file path: /home/miguel/.config/discord/0.0.25/modules/installed.json
2023-02-23T18:19:10.727Z [Modules] Module download path: /home/miguel/.config/discord/0.0.25/modules/pending
2023-02-23T18:19:10.874Z [Modules] No updates to install
2023-02-23T18:19:10.874Z [Modules] Checking for host updates.
2023-02-23T18:19:11.154Z [Modules] Host is up to date.
2023-02-23T18:19:11.155Z [Modules] Checking for module updates at https://discord.com/api/modules/stable/versions.json
2023-02-23T18:19:11.182Z [Modules] No module updates available.
2023-02-23T18:19:12.981Z [Modules] Checking for host updates.
2023-02-23T18:19:13.221Z [Modules] Host is up to date.
2023-02-23T18:19:13.221Z [Modules] Checking for module updates at https://discord.com/api/modules/stable/versions.json
2023-02-23T18:19:13.223Z [Modules] No module updates available.
2023-02-23T18:31:55.046Z [Modules] Modules initializing
2023-02-23T18:31:55.046Z [Modules] Distribution: remote
2023-02-23T18:31:55.046Z [Modules] Host updates: enabled
2023-02-23T18:31:55.046Z [Modules] Module updates: enabled
2023-02-23T18:31:55.047Z [Modules] Module install path: /home/miguel/.config/discord/0.0.25/modules
2023-02-23T18:31:55.047Z [Modules] Module installed file path: /home/miguel/.config/discord/0.0.25/modules/installed.json
2023-02-23T18:31:55.047Z [Modules] Module download path: /home/miguel/.config/discord/0.0.25/modules/pending
2023-02-23T18:31:55.208Z [Modules] No updates to install
2023-02-23T18:31:55.208Z [Modules] Checking for host updates.
2023-02-23T18:31:55.508Z [Modules] Host is up to date.
2023-02-23T18:31:55.508Z [Modules] Checking for module updates at https://discord.com/api/modules/stable/versions.json
2023-02-23T18:31:55.536Z [Modules] No module updates available.
2023-02-23T18:31:57.101Z [Modules] Checking for host updates.
2023-02-23T18:31:57.367Z [Modules] Host is up to date.
2023-02-23T18:31:57.368Z [Modules] Checking for module updates at https://discord.com/api/modules/stable/versions.json
2023-02-23T18:31:57.369Z [Modules] No module updates available.
2023-02-23T18:32:09.593Z [Modules] Checking for host updates.
2023-02-23T18:32:09.881Z [Modules] Host is up to date.
2023-02-23T18:32:09.881Z [Modules] Checking for module updates at https://discord.com/api/modules/stable/versions.json
2023-02-23T18:32:09.883Z [Modules] No module updates available.
2023-02-24T03:17:26.828Z [Modules] Modules initializing
2023-02-24T03:17:26.828Z [Modules] Distribution: remote
2023-02-24T03:17:26.828Z [Modules] Host updates: enabled
2023-02-24T03:17:26.828Z [Modules] Module updates: enabled
2023-02-24T03:17:26.828Z [Modules] Module install path: /home/miguel/.config/discord/0.0.25/modules
2023-02-24T03:17:26.829Z [Modules] Module installed file path: /home/miguel/.config/discord/0.0.25/modules/installed.json
2023-02-24T03:17:26.829Z [Modules] Module download path: /home/miguel/.config/discord/0.0.25/modules/pending
2023-02-24T03:17:27.231Z [Modules] No updates to install
2023-02-24T03:17:27.232Z [Modules] Checking for host updates.
2023-02-24T03:17:27.564Z [Modules] Host is up to date.
2023-02-24T03:17:27.564Z [Modules] Checking for module updates at https://discord.com/api/modules/stable/versions.json
2023-02-24T03:17:27.594Z [Modules] No module updates available.
2023-02-24T03:17:29.524Z [Modules] Checking for host updates.
2023-02-24T03:17:29.745Z [Modules] Host is up to date.
2023-02-24T03:17:29.745Z [Modules] Checking for module updates at https://discord.com/api/modules/stable/versions.json
2023-02-24T03:17:29.747Z [Modules] No module updates available.
2023-02-24T04:17:29.529Z [Modules] Checking for host updates.
2023-02-24T04:17:29.790Z [Modules] Host is up to date.
2023-02-24T04:17:29.790Z [Modules] Checking for module updates at https://discord.com/api/modules/stable/versions.json
2023-02-24T04:17:29.820Z [Modules] No module updates available.
2023-02-24T16:46:47.500Z [Modules] Modules initializing
2023-02-24T16:46:47.500Z [Modules] Distribution: remote
2023-02-24T16:46:47.500Z [Modules] Host updates: enabled
2023-02-24T16:46:47.500Z [Modules] Module updates: enabled
2023-02-24T16:46:47.500Z [Modules] Module install path: /home/miguel/.config/discord/0.0.25/modules
2023-02-24T16:46:47.500Z [Modules] Module installed file path: /home/miguel/.config/discord/0.0.25/modules/installed.json
2023-02-24T16:46:47.500Z [Modules] Module download path: /home/miguel/.config/discord/0.0.25/modules/pending
2023-02-24T16:46:52.430Z [Modules] No updates to install
2023-02-24T16:46:52.430Z [Modules] Checking for host updates.
2023-02-24T16:46:52.668Z [Modules] Host is up to date.
2023-02-24T16:46:52.668Z [Modules] Checking for module updates at https://discord.com/api/modules/stable/versions.json
2023-02-24T16:46:52.700Z [Modules] No module updates available.
2023-02-24T16:46:54.811Z [Modules] Checking for host updates.
2023-02-24T16:46:55.078Z [Modules] Host is up to date.
2023-02-24T16:46:55.078Z [Modules] Checking for module updates at https://discord.com/api/modules/stable/versions.json
2023-02-24T16:46:55.081Z [Modules] No module updates available.
2023-02-24T17:46:54.817Z [Modules] Checking for host updates.
2023-02-24T17:46:55.039Z [Modules] Host is up to date.
2023-02-24T17:46:55.039Z [Modules] Checking for module updates at https://discord.com/api/modules/stable/versions.json
2023-02-24T17:46:55.067Z [Modules] No module updates available.
2023-02-24T18:49:34.347Z [Modules] Modules initializing
2023-02-24T18:49:34.347Z [Modules] Distribution: remote
2023-02-24T18:49:34.347Z [Modules] Host updates: enabled
2023-02-24T18:49:34.347Z [Modules] Module updates: enabled
2023-02-24T18:49:34.347Z [Modules] Module install path: /home/miguel/.config/discord/0.0.25/modules
2023-02-24T18:49:34.347Z [Modules] Module installed file path: /home/miguel/.config/discord/0.0.25/modules/installed.json
2023-02-24T18:49:34.347Z [Modules] Module download path: /home/miguel/.config/discord/0.0.25/modules/pending
2023-02-24T18:49:39.286Z [Modules] No updates to install
2023-02-24T18:49:39.286Z [Modules] Checking for host updates.
2023-02-24T18:49:39.635Z [Modules] Host is up to date.
2023-02-24T18:49:39.635Z [Modules] Checking for module updates at https://discord.com/api/modules/stable/versions.json
2023-02-24T18:49:39.664Z [Modules] No module updates available.
2023-02-24T18:49:41.348Z [Modules] Checking for host updates.
2023-02-24T18:49:41.578Z [Modules] Host is up to date.
2023-02-24T18:49:41.579Z [Modules] Checking for module updates at https://discord.com/api/modules/stable/versions.json
2023-02-24T18:49:41.580Z [Modules] No module updates available.
2023-02-24T19:49:41.354Z [Modules] Checking for host updates.
2023-02-24T19:49:41.564Z [Modules] Host is up to date.
2023-02-24T19:49:41.564Z [Modules] Checking for module updates at https://discord.com/api/modules/stable/versions.json
2023-02-24T19:49:41.590Z [Modules] No module updates available.
2023-02-24T20:49:41.357Z [Modules] Checking for host updates.
2023-02-24T20:49:41.523Z [Modules] Host is up to date.
2023-02-24T20:49:41.523Z [Modules] Checking for module updates at https://discord.com/api/modules/stable/versions.json
2023-02-24T20:49:41.552Z [Modules] No module updates available.
2023-02-24T21:49:41.366Z [Modules] Checking for host updates.
2023-02-24T21:49:41.655Z [Modules] Host is up to date.
2023-02-24T21:49:41.656Z [Modules] Checking for module updates at https://discord.com/api/modules/stable/versions.json
2023-02-24T21:49:41.693Z [Modules] No module updates available.
2023-02-24T22:49:41.357Z [Modules] Checking for host updates.
2023-02-24T22:49:41.680Z [Modules] Host is up to date.
2023-02-24T22:49:41.680Z [Modules] Checking for module updates at https://discord.com/api/modules/stable/versions.json
2023-02-24T22:49:41.706Z [Modules] No module updates available.
2023-02-24T23:49:41.354Z [Modules] Checking for host updates.
2023-02-24T23:49:41.553Z [Modules] Host is up to date.
2023-02-24T23:49:41.553Z [Modules] Checking for module updates at https://discord.com/api/modules/stable/versions.json
2023-02-24T23:49:41.585Z [Modules] No module updates available.
2023-02-25T00:49:41.353Z [Modules] Checking for host updates.
2023-02-25T00:49:41.593Z [Modules] Host is up to date.
2023-02-25T00:49:41.593Z [Modules] Checking for module updates at https://discord.com/api/modules/stable/versions.json
2023-02-25T00:49:41.622Z [Modules] No module updates available.
2023-02-25T01:49:41.353Z [Modules] Checking for host updates.
2023-02-25T01:49:41.540Z [Modules] Host is up to date.
2023-02-25T01:49:41.540Z [Modules] Checking for module updates at https://discord.com/api/modules/stable/versions.json
2023-02-25T01:49:41.632Z [Modules] No module updates available.
2023-02-25T02:49:41.353Z [Modules] Checking for host updates.
2023-02-25T02:49:41.551Z [Modules] Host is up to date.
2023-02-25T02:49:41.551Z [Modules] Checking for module updates at https://discord.com/api/modules/stable/versions.json
2023-02-25T02:49:41.583Z [Modules] No module updates available.
2023-02-25T03:13:10.681Z [Modules] Modules initializing
2023-02-25T03:13:10.681Z [Modules] Distribution: remote
2023-02-25T03:13:10.681Z [Modules] Host updates: enabled
2023-02-25T03:13:10.681Z [Modules] Module updates: enabled
2023-02-25T03:13:10.682Z [Modules] Module install path: /home/miguel/.config/discord/0.0.25/modules
2023-02-25T03:13:10.682Z [Modules] Module installed file path: /home/miguel/.config/discord/0.0.25/modules/installed.json
2023-02-25T03:13:10.682Z [Modules] Module download path: /home/miguel/.config/discord/0.0.25/modules/pending
2023-02-25T03:13:11.079Z [Modules] No updates to install
2023-02-25T03:13:11.079Z [Modules] Checking for host updates.
2023-02-25T03:13:11.278Z [Modules] Host is up to date.
2023-02-25T03:13:11.278Z [Modules] Checking for module updates at https://discord.com/api/modules/stable/versions.json
2023-02-25T03:13:11.304Z [Modules] No module updates available.
2023-02-25T03:13:13.229Z [Modules] Checking for host updates.
2023-02-25T03:13:13.443Z [Modules] Host is up to date.
2023-02-25T03:13:13.443Z [Modules] Checking for module updates at https://discord.com/api/modules/stable/versions.json
2023-02-25T03:13:13.444Z [Modules] No module updates available.
2023-02-25T04:13:13.289Z [Modules] Checking for host updates.
2023-02-25T04:13:13.513Z [Modules] Host is up to date.
2023-02-25T04:13:13.514Z [Modules] Checking for module updates at https://discord.com/api/modules/stable/versions.json
2023-02-25T04:13:13.546Z [Modules] No module updates available.
2023-02-25T05:13:13.379Z [Modules] Checking for host updates.
2023-02-25T05:13:13.661Z [Modules] Host is up to date.
2023-02-25T05:13:13.661Z [Modules] Checking for module updates at https://discord.com/api/modules/stable/versions.json
2023-02-25T05:13:13.702Z [Modules] No module updates available.
2023-02-25T06:13:13.248Z [Modules] Checking for host updates.
2023-02-25T06:13:13.520Z [Modules] Host is up to date.
2023-02-25T06:13:13.520Z [Modules] Checking for module updates at https://discord.com/api/modules/stable/versions.json
2023-02-25T06:13:13.549Z [Modules] No module updates available.
2023-02-25T15:22:59.834Z [Modules] Modules initializing
2023-02-25T15:22:59.834Z [Modules] Distribution: remote
2023-02-25T15:22:59.834Z [Modules] Host updates: enabled
2023-02-25T15:22:59.834Z [Modules] Module updates: enabled
2023-02-25T15:22:59.835Z [Modules] Module install path: /home/miguel/.config/discord/0.0.25/modules
2023-02-25T15:22:59.835Z [Modules] Module installed file path: /home/miguel/.config/discord/0.0.25/modules/installed.json
2023-02-25T15:22:59.835Z [Modules] Module download path: /home/miguel/.config/discord/0.0.25/modules/pending
2023-02-25T15:23:00.000Z [Modules] No updates to install
2023-02-25T15:23:00.001Z [Modules] Checking for host updates.
2023-02-25T15:23:00.277Z [Modules] Host is up to date.
2023-02-25T15:23:00.277Z [Modules] Checking for module updates at https://discord.com/api/modules/stable/versions.json
2023-02-25T15:23:00.312Z [Modules] No module updates available.
2023-02-25T15:23:02.697Z [Modules] Checking for host updates.
2023-02-25T15:23:03.022Z [Modules] Host is up to date.
2023-02-25T15:23:03.022Z [Modules] Checking for module updates at https://discord.com/api/modules/stable/versions.json
2023-02-25T15:23:03.024Z [Modules] No module updates available.
2023-02-25T16:23:02.702Z [Modules] Checking for host updates.
2023-02-25T16:23:02.954Z [Modules] Host is up to date.
2023-02-25T16:23:02.954Z [Modules] Checking for module updates at https://discord.com/api/modules/stable/versions.json
2023-02-25T16:23:02.980Z [Modules] No module updates available.
2023-02-25T17:23:02.702Z [Modules] Checking for host updates.
2023-02-25T17:23:02.872Z [Modules] Host is up to date.
2023-02-25T17:23:02.872Z [Modules] Checking for module updates at https://discord.com/api/modules/stable/versions.json
2023-02-25T17:23:02.898Z [Modules] No module updates available.
2023-02-25T18:23:02.710Z [Modules] Checking for host updates.
2023-02-25T18:23:02.890Z [Modules] Host is up to date.
2023-02-25T18:23:02.891Z [Modules] Checking for module updates at https://discord.com/api/modules/stable/versions.json
2023-02-25T18:23:02.934Z [Modules] No module updates available.
2023-02-25T19:23:02.703Z [Modules] Checking for host updates.
2023-02-25T19:23:02.893Z [Modules] Host is up to date.
2023-02-25T19:23:02.893Z [Modules] Checking for module updates at https://discord.com/api/modules/stable/versions.json
2023-02-25T19:23:02.920Z [Modules] No module updates available.
2023-02-25T20:23:02.702Z [Modules] Checking for host updates.
2023-02-25T20:23:02.952Z [Modules] Host is up to date.
2023-02-25T20:23:02.952Z [Modules] Checking for module updates at https://discord.com/api/modules/stable/versions.json
2023-02-25T20:23:02.978Z [Modules] No module updates available.
